# JRE version: OpenJDK Runtime Environment (8.0_152-b01) (build 1.8.0_152-release-1248-b01)
# Java VM: OpenJDK 64-Bit Server VM (25.152-b01 mixed mode linux-amd64 compressed oops)
Heap:
 PSYoungGen      total 385024K, used 79444K [0x00000000d5580000, 0x00000000f7400000, 0x0000000100000000)
  eden space 272384K, 0% used [0x00000000d5580000,0x00000000d5580000,0x00000000e5f80000)
  from space 112640K, 70% used [0x00000000f0600000,0x00000000f53952c8,0x00000000f7400000)
  to   space 117760K, 0% used [0x00000000e5f80000,0x00000000e5f80000,0x00000000ed280000)
 ParOldGen       total 301568K, used 233578K [0x0000000080000000, 0x0000000092680000, 0x00000000d5580000)
  object space 301568K, 77% used [0x0000000080000000,0x000000008e41a998,0x0000000092680000)
 Metaspace       used 134175K, capacity 139427K, committed 139736K, reserved 1171456K
  class space    used 16996K, capacity 18082K, committed 18176K, reserved 1048576K
GC Heap History (10 events):
Event: 825.835 GC heap after
Heap after GC invocations=34 (full 6):
 PSYoungGen      total 362496K, used 69621K [0x00000000d5580000, 0x00000000f3480000, 0x0000000100000000)
  eden space 237568K, 0% used [0x00000000d5580000,0x00000000d5580000,0x00000000e3d80000)
  from space 124928K, 55% used [0x00000000eba80000,0x00000000efe7d4c0,0x00000000f3480000)
  to   space 126464K, 0% used [0x00000000e3d80000,0x00000000e3d80000,0x00000000eb900000)
 ParOldGen       total 318464K, used 261303K [0x0000000080000000, 0x0000000093700000, 0x00000000d5580000)
  object space 318464K, 82% used [0x0000000080000000,0x000000008ff2de58,0x0000000093700000)
 Metaspace       used 115224K, capacity 119333K, committed 119640K, reserved 1153024K
  class space    used 14554K, capacity 15433K, committed 15488K, reserved 1048576K
}
Event: 825.836 GC heap before
{Heap before GC invocations=35 (full 7):
 PSYoungGen      total 362496K, used 69621K [0x00000000d5580000, 0x00000000f3480000, 0x0000000100000000)
  eden space 237568K, 0% used [0x00000000d5580000,0x00000000d5580000,0x00000000e3d80000)
  from space 124928K, 55% used [0x00000000eba80000,0x00000000efe7d4c0,0x00000000f3480000)
  to   space 126464K, 0% used [0x00000000e3d80000,0x00000000e3d80000,0x00000000eb900000)
 ParOldGen       total 318464K, used 261303K [0x0000000080000000, 0x0000000093700000, 0x00000000d5580000)
  object space 318464K, 82% used [0x0000000080000000,0x000000008ff2de58,0x0000000093700000)
 Metaspace       used 115224K, capacity 119333K, committed 119640K, reserved 1153024K
  class space    used 14554K, capacity 15433K, committed 15488K, reserved 1048576K
Event: 826.456 GC heap after
Heap after GC invocations=35 (full 7):
 PSYoungGen      total 362496K, used 0K [0x00000000d5580000, 0x00000000f3480000, 0x0000000100000000)
  eden space 237568K, 0% used [0x00000000d5580000,0x00000000d5580000,0x00000000e3d80000)
  from space 124928K, 0% used [0x00000000eba80000,0x00000000eba80000,0x00000000f3480000)
  to   space 126464K, 0% used [0x00000000e3d80000,0x00000000e3d80000,0x00000000eb900000)
 ParOldGen       total 301568K, used 132924K [0x0000000080000000, 0x0000000092680000, 0x00000000d5580000)
  object space 301568K, 44% used [0x0000000080000000,0x00000000881cf3c0,0x0000000092680000)
 Metaspace       used 115224K, capacity 119333K, committed 119640K, reserved 1153024K
  class space    used 14554K, capacity 15433K, committed 15488K, reserved 1048576K
}
Event: 826.990 GC heap before
{Heap before GC invocations=36 (full 7):
 PSYoungGen      total 362496K, used 237568K [0x00000000d5580000, 0x00000000f3480000, 0x0000000100000000)
  eden space 237568K, 100% used [0x00000000d5580000,0x00000000e3d80000,0x00000000e3d80000)
  from space 124928K, 0% used [0x00000000eba80000,0x00000000eba80000,0x00000000f3480000)
  to   space 126464K, 0% used [0x00000000e3d80000,0x00000000e3d80000,0x00000000eb900000)
 ParOldGen       total 301568K, used 132924K [0x0000000080000000, 0x0000000092680000, 0x00000000d5580000)
  object space 301568K, 44% used [0x0000000080000000,0x00000000881cf3c0,0x0000000092680000)
 Metaspace       used 115367K, capacity 119593K, committed 119640K, reserved 1153024K
  class space    used 14582K, capacity 15485K, committed 15488K, reserved 1048576K
Event: 827.014 GC heap after
Heap after GC invocations=36 (full 7):
 PSYoungGen      total 364032K, used 36897K [0x00000000d5580000, 0x00000000f5380000, 0x0000000100000000)
  eden space 237568K, 0% used [0x00000000d5580000,0x00000000d5580000,0x00000000e3d80000)
  from space 126464K, 29% used [0x00000000e3d80000,0x00000000e61886a8,0x00000000eb900000)
  to   space 122368K, 0% used [0x00000000edc00000,0x00000000edc00000,0x00000000f5380000)
 ParOldGen       total 301568K, used 132924K [0x0000000080000000, 0x0000000092680000, 0x00000000d5580000)
  object space 301568K, 44% used [0x0000000080000000,0x00000000881cf3c0,0x0000000092680000)
 Metaspace       used 115367K, capacity 119593K, committed 119640K, reserved 1153024K
  class space    used 14582K, capacity 15485K, committed 15488K, reserved 1048576K
}
Event: 1298.189 GC heap before
{Heap before GC invocations=37 (full 7):
 PSYoungGen      total 364032K, used 274465K [0x00000000d5580000, 0x00000000f5380000, 0x0000000100000000)
  eden space 237568K, 100% used [0x00000000d5580000,0x00000000e3d80000,0x00000000e3d80000)
  from space 126464K, 29% used [0x00000000e3d80000,0x00000000e61886a8,0x00000000eb900000)
  to   space 122368K, 0% used [0x00000000edc00000,0x00000000edc00000,0x00000000f5380000)
 ParOldGen       total 301568K, used 132924K [0x0000000080000000, 0x0000000092680000, 0x00000000d5580000)
  object space 301568K, 44% used [0x0000000080000000,0x00000000881cf3c0,0x0000000092680000)
 Metaspace       used 117690K, capacity 122077K, committed 122328K, reserved 1155072K
  class space    used 14836K, capacity 15773K, committed 15872K, reserved 1048576K
Event: 1299.992 GC heap after
Heap after GC invocations=37 (full 7):
 PSYoungGen      total 380416K, used 39627K [0x00000000d5580000, 0x00000000f4580000, 0x0000000100000000)
  eden space 272384K, 0% used [0x00000000d5580000,0x00000000d5580000,0x00000000e5f80000)
  from space 108032K, 36% used [0x00000000edc00000,0x00000000f02b2fe0,0x00000000f4580000)
  to   space 117760K, 0% used [0x00000000e5f80000,0x00000000e5f80000,0x00000000ed280000)
 ParOldGen       total 301568K, used 169339K [0x0000000080000000, 0x0000000092680000, 0x00000000d5580000)
  object space 301568K, 56% used [0x0000000080000000,0x000000008a55ef10,0x0000000092680000)
 Metaspace       used 117690K, capacity 122077K, committed 122328K, reserved 1155072K
  class space    used 14836K, capacity 15773K, committed 15872K, reserved 1048576K
}
Event: 1302.813 GC heap before
{Heap before GC invocations=38 (full 7):
 PSYoungGen      total 380416K, used 312011K [0x00000000d5580000, 0x00000000f4580000, 0x0000000100000000)
  eden space 272384K, 100% used [0x00000000d5580000,0x00000000e5f80000,0x00000000e5f80000)
  from space 108032K, 36% used [0x00000000edc00000,0x00000000f02b2fe0,0x00000000f4580000)
  to   space 117760K, 0% used [0x00000000e5f80000,0x00000000e5f80000,0x00000000ed280000)
 ParOldGen       total 301568K, used 169339K [0x0000000080000000, 0x0000000092680000, 0x00000000d5580000)
  object space 301568K, 56% used [0x0000000080000000,0x000000008a55ef10,0x0000000092680000)
 Metaspace       used 129117K, capacity 134021K, committed 134104K, reserved 1165312K
  class space    used 16333K, capacity 17355K, committed 17408K, reserved 1048576K
Event: 1304.035 GC heap after
Heap after GC invocations=38 (full 7):
 PSYoungGen      total 390144K, used 55400K [0x00000000d5580000, 0x00000000f7400000, 0x0000000100000000)
  eden space 272384K, 0% used [0x00000000d5580000,0x00000000d5580000,0x00000000e5f80000)
  from space 117760K, 47% used [0x00000000e5f80000,0x00000000e959a200,0x00000000ed280000)
  to   space 112640K, 0% used [0x00000000f0600000,0x00000000f0600000,0x00000000f7400000)
 ParOldGen       total 301568K, used 194718K [0x0000000080000000, 0x0000000092680000, 0x00000000d5580000)
  object space 301568K, 64% used [0x0000000080000000,0x000000008be27878,0x0000000092680000)
 Metaspace       used 129117K, capacity 134021K, committed 134104K, reserved 1165312K
  class space    used 16333K, capacity 17355K, committed 17408K, reserved 1048576K
}
Event: 1305.427 GC heap before
{Heap before GC invocations=39 (full 7):
 PSYoungGen      total 390144K, used 327784K [0x00000000d5580000, 0x00000000f7400000, 0x0000000100000000)
  eden space 272384K, 100% used [0x00000000d5580000,0x00000000e5f80000,0x00000000e5f80000)
  from space 117760K, 47% used [0x00000000e5f80000,0x00000000e959a200,0x00000000ed280000)
  to   space 112640K, 0% used [0x00000000f0600000,0x00000000f0600000,0x00000000f7400000)
 ParOldGen       total 301568K, used 194718K [0x0000000080000000, 0x0000000092680000, 0x00000000d5580000)
  object space 301568K, 64% used [0x0000000080000000,0x000000008be27878,0x0000000092680000)
 Metaspace       used 134175K, capacity 139427K, committed 139736K, reserved 1171456K
  class space    used 16996K, capacity 18082K, committed 18176K, reserved 1048576K

