# JRE version: OpenJDK Runtime Environment (8.0_152-b01) (build 1.8.0_152-release-1248-b01)
# Java VM: OpenJDK 64-Bit Server VM (25.152-b01 mixed mode linux-amd64 compressed oops)
Heap:
 PSYoungGen      total 627712K, used 224K [0x00000000d5580000, 0x00000000fe380000, 0x0000000100000000)
  eden space 585728K, 0% used [0x00000000d5580000,0x00000000d5580000,0x00000000f9180000)
  from space 41984K, 0% used [0x00000000f9180000,0x00000000f91b8000,0x00000000fba80000)
  to   space 31232K, 0% used [0x00000000fc500000,0x00000000fc500000,0x00000000fe380000)
 ParOldGen       total 223744K, used 149558K [0x0000000080000000, 0x000000008da80000, 0x00000000d5580000)
  object space 223744K, 66% used [0x0000000080000000,0x000000008920db90,0x000000008da80000)
 Metaspace       used 101552K, capacity 106449K, committed 106664K, reserved 1142784K
  class space    used 12748K, capacity 13682K, committed 13744K, reserved 1048576K
GC Heap History (10 events):
Event: 1815.447 GC heap after
Heap after GC invocations=33 (full 5):
 PSYoungGen      total 489472K, used 1250K [0x00000000d5580000, 0x00000000f6500000, 0x0000000100000000)
  eden space 445952K, 0% used [0x00000000d5580000,0x00000000d5580000,0x00000000f0900000)
  from space 43520K, 2% used [0x00000000f3a80000,0x00000000f3bb89c0,0x00000000f6500000)
  to   space 47104K, 0% used [0x00000000f0900000,0x00000000f0900000,0x00000000f3700000)
 ParOldGen       total 223744K, used 137293K [0x0000000080000000, 0x000000008da80000, 0x00000000d5580000)
  object space 223744K, 61% used [0x0000000080000000,0x00000000886137d0,0x000000008da80000)
 Metaspace       used 100685K, capacity 105405K, committed 105640K, reserved 1140736K
  class space    used 12693K, capacity 13612K, committed 13744K, reserved 1048576K
}
Event: 1821.944 GC heap before
{Heap before GC invocations=34 (full 5):
 PSYoungGen      total 489472K, used 446394K [0x00000000d5580000, 0x00000000f6500000, 0x0000000100000000)
  eden space 445952K, 99% used [0x00000000d5580000,0x00000000f0836230,0x00000000f0900000)
  from space 43520K, 2% used [0x00000000f3a80000,0x00000000f3bb89c0,0x00000000f6500000)
  to   space 47104K, 0% used [0x00000000f0900000,0x00000000f0900000,0x00000000f3700000)
 ParOldGen       total 223744K, used 137293K [0x0000000080000000, 0x000000008da80000, 0x00000000d5580000)
  object space 223744K, 61% used [0x0000000080000000,0x00000000886137d0,0x000000008da80000)
 Metaspace       used 100881K, capacity 105735K, committed 105896K, reserved 1140736K
  class space    used 12716K, capacity 13661K, committed 13744K, reserved 1048576K
Event: 1821.964 GC heap after
Heap after GC invocations=34 (full 5):
 PSYoungGen      total 493056K, used 12854K [0x00000000d5580000, 0x00000000f9600000, 0x0000000100000000)
  eden space 445952K, 0% used [0x00000000d5580000,0x00000000d5580000,0x00000000f0900000)
  from space 47104K, 27% used [0x00000000f0900000,0x00000000f158d810,0x00000000f3700000)
  to   space 44544K, 0% used [0x00000000f6a80000,0x00000000f6a80000,0x00000000f9600000)
 ParOldGen       total 223744K, used 137301K [0x0000000080000000, 0x000000008da80000, 0x00000000d5580000)
  object space 223744K, 61% used [0x0000000080000000,0x00000000886157d0,0x000000008da80000)
 Metaspace       used 100881K, capacity 105735K, committed 105896K, reserved 1140736K
  class space    used 12716K, capacity 13661K, committed 13744K, reserved 1048576K
}
Event: 1822.052 GC heap before
{Heap before GC invocations=35 (full 5):
 PSYoungGen      total 493056K, used 458173K [0x00000000d5580000, 0x00000000f9600000, 0x0000000100000000)
  eden space 445952K, 99% used [0x00000000d5580000,0x00000000f0861fb8,0x00000000f0900000)
  from space 47104K, 27% used [0x00000000f0900000,0x00000000f158d810,0x00000000f3700000)
  to   space 44544K, 0% used [0x00000000f6a80000,0x00000000f6a80000,0x00000000f9600000)
 ParOldGen       total 223744K, used 137301K [0x0000000080000000, 0x000000008da80000, 0x00000000d5580000)
  object space 223744K, 61% used [0x0000000080000000,0x00000000886157d0,0x000000008da80000)
 Metaspace       used 100882K, capacity 105735K, committed 105896K, reserved 1140736K
  class space    used 12716K, capacity 13661K, committed 13744K, reserved 1048576K
Event: 1822.056 GC heap after
Heap after GC invocations=35 (full 5):
 PSYoungGen      total 546816K, used 4244K [0x00000000d5580000, 0x00000000f9e80000, 0x0000000100000000)
  eden space 502272K, 0% used [0x00000000d5580000,0x00000000d5580000,0x00000000f4000000)
  from space 44544K, 9% used [0x00000000f6a80000,0x00000000f6ea5378,0x00000000f9600000)
  to   space 43520K, 0% used [0x00000000f4000000,0x00000000f4000000,0x00000000f6a80000)
 ParOldGen       total 223744K, used 137301K [0x0000000080000000, 0x000000008da80000, 0x00000000d5580000)
  object space 223744K, 61% used [0x0000000080000000,0x00000000886157d0,0x000000008da80000)
 Metaspace       used 100882K, capacity 105735K, committed 105896K, reserved 1140736K
  class space    used 12716K, capacity 13661K, committed 13744K, reserved 1048576K
}
Event: 1822.198 GC heap before
{Heap before GC invocations=36 (full 5):
 PSYoungGen      total 546816K, used 505802K [0x00000000d5580000, 0x00000000f9e80000, 0x0000000100000000)
  eden space 502272K, 99% used [0x00000000d5580000,0x00000000f3f4d760,0x00000000f4000000)
  from space 44544K, 9% used [0x00000000f6a80000,0x00000000f6ea5378,0x00000000f9600000)
  to   space 43520K, 0% used [0x00000000f4000000,0x00000000f4000000,0x00000000f6a80000)
 ParOldGen       total 223744K, used 137301K [0x0000000080000000, 0x000000008da80000, 0x00000000d5580000)
  object space 223744K, 61% used [0x0000000080000000,0x00000000886157d0,0x000000008da80000)
 Metaspace       used 100882K, capacity 105735K, committed 105896K, reserved 1140736K
  class space    used 12716K, capacity 13661K, committed 13744K, reserved 1048576K
Event: 1822.214 GC heap after
Heap after GC invocations=36 (full 5):
 PSYoungGen      total 545792K, used 3180K [0x00000000d5580000, 0x00000000fee80000, 0x0000000100000000)
  eden space 502272K, 0% used [0x00000000d5580000,0x00000000d5580000,0x00000000f4000000)
  from space 43520K, 7% used [0x00000000f4000000,0x00000000f431b170,0x00000000f6a80000)
  to   space 42496K, 0% used [0x00000000fc500000,0x00000000fc500000,0x00000000fee80000)
 ParOldGen       total 223744K, used 137573K [0x0000000080000000, 0x000000008da80000, 0x00000000d5580000)
  object space 223744K, 61% used [0x0000000080000000,0x00000000886597f0,0x000000008da80000)
 Metaspace       used 100882K, capacity 105735K, committed 105896K, reserved 1140736K
  class space    used 12716K, capacity 13661K, committed 13744K, reserved 1048576K
}
Event: 2199.278 GC heap before
{Heap before GC invocations=37 (full 5):
 PSYoungGen      total 545792K, used 505285K [0x00000000d5580000, 0x00000000fee80000, 0x0000000100000000)
  eden space 502272K, 99% used [0x00000000d5580000,0x00000000f3fd6430,0x00000000f4000000)
  from space 43520K, 7% used [0x00000000f4000000,0x00000000f431b170,0x00000000f6a80000)
  to   space 42496K, 0% used [0x00000000fc500000,0x00000000fc500000,0x00000000fee80000)
 ParOldGen       total 223744K, used 137573K [0x0000000080000000, 0x000000008da80000, 0x00000000d5580000)
  object space 223744K, 61% used [0x0000000080000000,0x00000000886597f0,0x000000008da80000)
 Metaspace       used 101552K, capacity 106449K, committed 106664K, reserved 1142784K
  class space    used 12748K, capacity 13682K, committed 13744K, reserved 1048576K
Event: 2200.074 GC heap after
Heap after GC invocations=37 (full 5):
 PSYoungGen      total 616960K, used 19208K [0x00000000d5580000, 0x00000000fe380000, 0x0000000100000000)
  eden space 585728K, 0% used [0x00000000d5580000,0x00000000d5580000,0x00000000f9180000)
  from space 31232K, 61% used [0x00000000fc500000,0x00000000fd7c21f8,0x00000000fe380000)
  to   space 41984K, 0% used [0x00000000f9180000,0x00000000f9180000,0x00000000fba80000)
 ParOldGen       total 223744K, used 137799K [0x0000000080000000, 0x000000008da80000, 0x00000000d5580000)
  object space 223744K, 61% used [0x0000000080000000,0x0000000088691e90,0x000000008da80000)
 Metaspace       used 101552K, capacity 106449K, committed 106664K, reserved 1142784K
  class space    used 12748K, capacity 13682K, committed 13744K, reserved 1048576K
}
Event: 2206.579 GC heap before
{Heap before GC invocations=38 (full 5):
 PSYoungGen      total 616960K, used 604424K [0x00000000d5580000, 0x00000000fe380000, 0x0000000100000000)
  eden space 585728K, 99% used [0x00000000d5580000,0x00000000f91001a0,0x00000000f9180000)
  from space 31232K, 61% used [0x00000000fc500000,0x00000000fd7c21f8,0x00000000fe380000)
  to   space 41984K, 0% used [0x00000000f9180000,0x00000000f9180000,0x00000000fba80000)
 ParOldGen       total 223744K, used 137799K [0x0000000080000000, 0x000000008da80000, 0x00000000d5580000)
  object space 223744K, 61% used [0x0000000080000000,0x0000000088691e90,0x000000008da80000)
 Metaspace       used 101552K, capacity 106449K, committed 106664K, reserved 1142784K
  class space    used 12748K, capacity 13682K, committed 13744K, reserved 1048576K

