# JRE version: OpenJDK Runtime Environment (8.0_152-b01) (build 1.8.0_152-release-1248-b01)
# Java VM: OpenJDK 64-Bit Server VM (25.152-b01 mixed mode linux-amd64 compressed oops)
Heap:
 PSYoungGen      total 194048K, used 0K [0x00000000d5580000, 0x00000000e9380000, 0x0000000100000000)
  eden space 105472K, 0% used [0x00000000d5580000,0x00000000d5580000,0x00000000dbc80000)
  from space 88576K, 0% used [0x00000000dbc80000,0x00000000dbc80000,0x00000000e1300000)
  to   space 97792K, 0% used [0x00000000e3400000,0x00000000e3400000,0x00000000e9380000)
 ParOldGen       total 130048K, used 113436K [0x0000000080000000, 0x0000000087f00000, 0x00000000d5580000)
  object space 130048K, 87% used [0x0000000080000000,0x0000000086ec73d8,0x0000000087f00000)
 Metaspace       used 87451K, capacity 89569K, committed 89984K, reserved 1128448K
  class space    used 10548K, capacity 11031K, committed 11136K, reserved 1048576K
GC Heap History (10 events):
Event: 66.541 GC heap after
Heap after GC invocations=20 (full 3):
 PSYoungGen      total 137728K, used 37356K [0x00000000d5580000, 0x00000000e1d80000, 0x0000000100000000)
  eden space 100352K, 0% used [0x00000000d5580000,0x00000000d5580000,0x00000000db780000)
  from space 37376K, 99% used [0x00000000db780000,0x00000000ddbfb318,0x00000000ddc00000)
  to   space 44544K, 0% used [0x00000000df200000,0x00000000df200000,0x00000000e1d80000)
 ParOldGen       total 123904K, used 61595K [0x0000000080000000, 0x0000000087900000, 0x00000000d5580000)
  object space 123904K, 49% used [0x0000000080000000,0x0000000083c26f28,0x0000000087900000)
 Metaspace       used 69629K, capacity 71135K, committed 71168K, reserved 1112064K
  class space    used 8325K, capacity 8702K, committed 8704K, reserved 1048576K
}
Event: 67.815 GC heap before
{Heap before GC invocations=21 (full 3):
 PSYoungGen      total 137728K, used 137708K [0x00000000d5580000, 0x00000000e1d80000, 0x0000000100000000)
  eden space 100352K, 100% used [0x00000000d5580000,0x00000000db780000,0x00000000db780000)
  from space 37376K, 99% used [0x00000000db780000,0x00000000ddbfb318,0x00000000ddc00000)
  to   space 44544K, 0% used [0x00000000df200000,0x00000000df200000,0x00000000e1d80000)
 ParOldGen       total 123904K, used 61595K [0x0000000080000000, 0x0000000087900000, 0x00000000d5580000)
  object space 123904K, 49% used [0x0000000080000000,0x0000000083c26f28,0x0000000087900000)
 Metaspace       used 71315K, capacity 72921K, committed 73216K, reserved 1114112K
  class space    used 8468K, capacity 8849K, committed 8960K, reserved 1048576K
Event: 67.921 GC heap after
Heap after GC invocations=21 (full 3):
 PSYoungGen      total 148480K, used 44538K [0x00000000d5580000, 0x00000000e3800000, 0x0000000100000000)
  eden space 103936K, 0% used [0x00000000d5580000,0x00000000d5580000,0x00000000dbb00000)
  from space 44544K, 99% used [0x00000000df200000,0x00000000e1d7ea48,0x00000000e1d80000)
  to   space 56320K, 0% used [0x00000000dbb00000,0x00000000dbb00000,0x00000000df200000)
 ParOldGen       total 123904K, used 74297K [0x0000000080000000, 0x0000000087900000, 0x00000000d5580000)
  object space 123904K, 59% used [0x0000000080000000,0x000000008488e438,0x0000000087900000)
 Metaspace       used 71315K, capacity 72921K, committed 73216K, reserved 1114112K
  class space    used 8468K, capacity 8849K, committed 8960K, reserved 1048576K
}
Event: 69.300 GC heap before
{Heap before GC invocations=22 (full 3):
 PSYoungGen      total 148480K, used 148474K [0x00000000d5580000, 0x00000000e3800000, 0x0000000100000000)
  eden space 103936K, 100% used [0x00000000d5580000,0x00000000dbb00000,0x00000000dbb00000)
  from space 44544K, 99% used [0x00000000df200000,0x00000000e1d7ea48,0x00000000e1d80000)
  to   space 56320K, 0% used [0x00000000dbb00000,0x00000000dbb00000,0x00000000df200000)
 ParOldGen       total 123904K, used 74297K [0x0000000080000000, 0x0000000087900000, 0x00000000d5580000)
  object space 123904K, 59% used [0x0000000080000000,0x000000008488e438,0x0000000087900000)
 Metaspace       used 75332K, capacity 77011K, committed 77184K, reserved 1118208K
  class space    used 8932K, capacity 9330K, committed 9344K, reserved 1048576K
Event: 69.350 GC heap after
Heap after GC invocations=22 (full 3):
 PSYoungGen      total 160256K, used 56307K [0x00000000d5580000, 0x00000000e5800000, 0x0000000100000000)
  eden space 103936K, 0% used [0x00000000d5580000,0x00000000d5580000,0x00000000dbb00000)
  from space 56320K, 99% used [0x00000000dbb00000,0x00000000df1fcdf8,0x00000000df200000)
  to   space 70656K, 0% used [0x00000000e1300000,0x00000000e1300000,0x00000000e5800000)
 ParOldGen       total 123904K, used 88292K [0x0000000080000000, 0x0000000087900000, 0x00000000d5580000)
  object space 123904K, 71% used [0x0000000080000000,0x0000000085639188,0x0000000087900000)
 Metaspace       used 75332K, capacity 77011K, committed 77184K, reserved 1118208K
  class space    used 8932K, capacity 9330K, committed 9344K, reserved 1048576K
}
Event: 70.606 GC heap before
{Heap before GC invocations=23 (full 3):
 PSYoungGen      total 160256K, used 160243K [0x00000000d5580000, 0x00000000e5800000, 0x0000000100000000)
  eden space 103936K, 100% used [0x00000000d5580000,0x00000000dbb00000,0x00000000dbb00000)
  from space 56320K, 99% used [0x00000000dbb00000,0x00000000df1fcdf8,0x00000000df200000)
  to   space 70656K, 0% used [0x00000000e1300000,0x00000000e1300000,0x00000000e5800000)
 ParOldGen       total 123904K, used 88292K [0x0000000080000000, 0x0000000087900000, 0x00000000d5580000)
  object space 123904K, 71% used [0x0000000080000000,0x0000000085639188,0x0000000087900000)
 Metaspace       used 83647K, capacity 85687K, committed 85888K, reserved 1124352K
  class space    used 10044K, capacity 10498K, committed 10624K, reserved 1048576K
Event: 70.748 GC heap after
Heap after GC invocations=23 (full 3):
 PSYoungGen      total 176128K, used 70640K [0x00000000d5580000, 0x00000000e7e80000, 0x0000000100000000)
  eden space 105472K, 0% used [0x00000000d5580000,0x00000000d5580000,0x00000000dbc80000)
  from space 70656K, 99% used [0x00000000e1300000,0x00000000e57fc198,0x00000000e5800000)
  to   space 88576K, 0% used [0x00000000dbc80000,0x00000000dbc80000,0x00000000e1300000)
 ParOldGen       total 123904K, used 104140K [0x0000000080000000, 0x0000000087900000, 0x00000000d5580000)
  object space 123904K, 84% used [0x0000000080000000,0x00000000865b32c8,0x0000000087900000)
 Metaspace       used 83647K, capacity 85687K, committed 85888K, reserved 1124352K
  class space    used 10044K, capacity 10498K, committed 10624K, reserved 1048576K
}
Event: 71.606 GC heap before
{Heap before GC invocations=24 (full 3):
 PSYoungGen      total 176128K, used 176112K [0x00000000d5580000, 0x00000000e7e80000, 0x0000000100000000)
  eden space 105472K, 100% used [0x00000000d5580000,0x00000000dbc80000,0x00000000dbc80000)
  from space 70656K, 99% used [0x00000000e1300000,0x00000000e57fc198,0x00000000e5800000)
  to   space 88576K, 0% used [0x00000000dbc80000,0x00000000dbc80000,0x00000000e1300000)
 ParOldGen       total 123904K, used 104140K [0x0000000080000000, 0x0000000087900000, 0x00000000d5580000)
  object space 123904K, 84% used [0x0000000080000000,0x00000000865b32c8,0x0000000087900000)
 Metaspace       used 87451K, capacity 89569K, committed 89984K, reserved 1128448K
  class space    used 10548K, capacity 11031K, committed 11136K, reserved 1048576K
Event: 71.683 GC heap after
Heap after GC invocations=24 (full 3):
 PSYoungGen      total 194048K, used 72274K [0x00000000d5580000, 0x00000000e9380000, 0x0000000100000000)
  eden space 105472K, 0% used [0x00000000d5580000,0x00000000d5580000,0x00000000dbc80000)
  from space 88576K, 81% used [0x00000000dbc80000,0x00000000e03148b0,0x00000000e1300000)
  to   space 97792K, 0% used [0x00000000e3400000,0x00000000e3400000,0x00000000e9380000)
 ParOldGen       total 130048K, used 129348K [0x0000000080000000, 0x0000000087f00000, 0x00000000d5580000)
  object space 130048K, 99% used [0x0000000080000000,0x0000000087e51008,0x0000000087f00000)
 Metaspace       used 87451K, capacity 89569K, committed 89984K, reserved 1128448K
  class space    used 10548K, capacity 11031K, committed 11136K, reserved 1048576K
}
Event: 71.685 GC heap before
{Heap before GC invocations=25 (full 4):
 PSYoungGen      total 194048K, used 72274K [0x00000000d5580000, 0x00000000e9380000, 0x0000000100000000)
  eden space 105472K, 0% used [0x00000000d5580000,0x00000000d5580000,0x00000000dbc80000)
  from space 88576K, 81% used [0x00000000dbc80000,0x00000000e03148b0,0x00000000e1300000)
  to   space 97792K, 0% used [0x00000000e3400000,0x00000000e3400000,0x00000000e9380000)
 ParOldGen       total 130048K, used 129348K [0x0000000080000000, 0x0000000087f00000, 0x00000000d5580000)
  object space 130048K, 99% used [0x0000000080000000,0x0000000087e51008,0x0000000087f00000)
 Metaspace       used 87451K, capacity 89569K, committed 89984K, reserved 1128448K
  class space    used 10548K, capacity 11031K, committed 11136K, reserved 1048576K

