# JRE version: OpenJDK Runtime Environment (8.0_152-b01) (build 1.8.0_152-release-1248-b01)
# Java VM: OpenJDK 64-Bit Server VM (25.152-b01 mixed mode linux-amd64 compressed oops)
Heap:
 PSYoungGen      total 461312K, used 0K [0x00000000d5580000, 0x00000000f9180000, 0x0000000100000000)
  eden space 353280K, 0% used [0x00000000d5580000,0x00000000d5580000,0x00000000eae80000)
  from space 108032K, 0% used [0x00000000f1d80000,0x00000000f1d80000,0x00000000f8700000)
  to   space 113664K, 0% used [0x00000000eae80000,0x00000000eae80000,0x00000000f1d80000)
 ParOldGen       total 188416K, used 152500K [0x0000000080000000, 0x000000008b800000, 0x00000000d5580000)
  object space 188416K, 80% used [0x0000000080000000,0x00000000894ed0d8,0x000000008b800000)
 Metaspace       used 126553K, capacity 130917K, committed 130992K, reserved 1163264K
  class space    used 16061K, capacity 17053K, committed 17072K, reserved 1048576K
GC Heap History (10 events):
Event: 363.261 GC heap after
Heap after GC invocations=31 (full 7):
 PSYoungGen      total 336896K, used 0K [0x00000000d5580000, 0x00000000f0800000, 0x0000000100000000)
  eden space 245248K, 0% used [0x00000000d5580000,0x00000000d5580000,0x00000000e4500000)
  from space 91648K, 0% used [0x00000000eae80000,0x00000000eae80000,0x00000000f0800000)
  to   space 99840K, 0% used [0x00000000e4500000,0x00000000e4500000,0x00000000ea680000)
 ParOldGen       total 188416K, used 38475K [0x0000000080000000, 0x000000008b800000, 0x00000000d5580000)
  object space 188416K, 20% used [0x0000000080000000,0x0000000082592c00,0x000000008b800000)
 Metaspace       used 97846K, capacity 100845K, committed 101040K, reserved 1136640K
  class space    used 12250K, capacity 12969K, committed 12976K, reserved 1048576K
}
Event: 367.223 GC heap before
{Heap before GC invocations=32 (full 7):
 PSYoungGen      total 336896K, used 245248K [0x00000000d5580000, 0x00000000f0800000, 0x0000000100000000)
  eden space 245248K, 100% used [0x00000000d5580000,0x00000000e4500000,0x00000000e4500000)
  from space 91648K, 0% used [0x00000000eae80000,0x00000000eae80000,0x00000000f0800000)
  to   space 99840K, 0% used [0x00000000e4500000,0x00000000e4500000,0x00000000ea680000)
 ParOldGen       total 188416K, used 38475K [0x0000000080000000, 0x000000008b800000, 0x00000000d5580000)
  object space 188416K, 20% used [0x0000000080000000,0x0000000082592c00,0x000000008b800000)
 Metaspace       used 108270K, capacity 111755K, committed 112048K, reserved 1146880K
  class space    used 13650K, capacity 14472K, committed 14512K, reserved 1048576K
Event: 367.390 GC heap after
Heap after GC invocations=32 (full 7):
 PSYoungGen      total 345088K, used 52678K [0x00000000d5580000, 0x00000000f3d00000, 0x0000000100000000)
  eden space 245248K, 0% used [0x00000000d5580000,0x00000000d5580000,0x00000000e4500000)
  from space 99840K, 52% used [0x00000000e4500000,0x00000000e7871a70,0x00000000ea680000)
  to   space 98816K, 0% used [0x00000000edc80000,0x00000000edc80000,0x00000000f3d00000)
 ParOldGen       total 188416K, used 38483K [0x0000000080000000, 0x000000008b800000, 0x00000000d5580000)
  object space 188416K, 20% used [0x0000000080000000,0x0000000082594c00,0x000000008b800000)
 Metaspace       used 108270K, capacity 111755K, committed 112048K, reserved 1146880K
  class space    used 13650K, capacity 14472K, committed 14512K, reserved 1048576K
}
Event: 368.661 GC heap before
{Heap before GC invocations=33 (full 7):
 PSYoungGen      total 345088K, used 297926K [0x00000000d5580000, 0x00000000f3d00000, 0x0000000100000000)
  eden space 245248K, 100% used [0x00000000d5580000,0x00000000e4500000,0x00000000e4500000)
  from space 99840K, 52% used [0x00000000e4500000,0x00000000e7871a70,0x00000000ea680000)
  to   space 98816K, 0% used [0x00000000edc80000,0x00000000edc80000,0x00000000f3d00000)
 ParOldGen       total 188416K, used 38483K [0x0000000080000000, 0x000000008b800000, 0x00000000d5580000)
  object space 188416K, 20% used [0x0000000080000000,0x0000000082594c00,0x000000008b800000)
 Metaspace       used 112706K, capacity 116497K, committed 116784K, reserved 1150976K
  class space    used 14234K, capacity 15103K, committed 15152K, reserved 1048576K
Event: 369.127 GC heap after
Heap after GC invocations=33 (full 7):
 PSYoungGen      total 393728K, used 74557K [0x00000000d5580000, 0x00000000f4980000, 0x0000000100000000)
  eden space 294912K, 0% used [0x00000000d5580000,0x00000000d5580000,0x00000000e7580000)
  from space 98816K, 75% used [0x00000000edc80000,0x00000000f254f4c8,0x00000000f3d00000)
  to   space 105472K, 0% used [0x00000000e7580000,0x00000000e7580000,0x00000000edc80000)
 ParOldGen       total 188416K, used 75632K [0x0000000080000000, 0x000000008b800000, 0x00000000d5580000)
  object space 188416K, 40% used [0x0000000080000000,0x00000000849dc2f0,0x000000008b800000)
 Metaspace       used 112706K, capacity 116497K, committed 116784K, reserved 1150976K
  class space    used 14234K, capacity 15103K, committed 15152K, reserved 1048576K
}
Event: 381.382 GC heap before
{Heap before GC invocations=34 (full 7):
 PSYoungGen      total 393728K, used 369469K [0x00000000d5580000, 0x00000000f4980000, 0x0000000100000000)
  eden space 294912K, 100% used [0x00000000d5580000,0x00000000e7580000,0x00000000e7580000)
  from space 98816K, 75% used [0x00000000edc80000,0x00000000f254f4c8,0x00000000f3d00000)
  to   space 105472K, 0% used [0x00000000e7580000,0x00000000e7580000,0x00000000edc80000)
 ParOldGen       total 188416K, used 75632K [0x0000000080000000, 0x000000008b800000, 0x00000000d5580000)
  object space 188416K, 40% used [0x0000000080000000,0x00000000849dc2f0,0x000000008b800000)
 Metaspace       used 113659K, capacity 117567K, committed 117680K, reserved 1150976K
  class space    used 14336K, capacity 15248K, committed 15280K, reserved 1048576K
Event: 381.849 GC heap after
Heap after GC invocations=34 (full 7):
 PSYoungGen      total 400384K, used 69004K [0x00000000d5580000, 0x00000000f8700000, 0x0000000100000000)
  eden space 294912K, 0% used [0x00000000d5580000,0x00000000d5580000,0x00000000e7580000)
  from space 105472K, 65% used [0x00000000e7580000,0x00000000eb8e3300,0x00000000edc80000)
  to   space 108032K, 0% used [0x00000000f1d80000,0x00000000f1d80000,0x00000000f8700000)
 ParOldGen       total 188416K, used 100907K [0x0000000080000000, 0x000000008b800000, 0x00000000d5580000)
  object space 188416K, 53% used [0x0000000080000000,0x000000008628aea0,0x000000008b800000)
 Metaspace       used 113659K, capacity 117567K, committed 117680K, reserved 1150976K
  class space    used 14336K, capacity 15248K, committed 15280K, reserved 1048576K
}
Event: 383.738 GC heap before
{Heap before GC invocations=35 (full 7):
 PSYoungGen      total 400384K, used 363916K [0x00000000d5580000, 0x00000000f8700000, 0x0000000100000000)
  eden space 294912K, 100% used [0x00000000d5580000,0x00000000e7580000,0x00000000e7580000)
  from space 105472K, 65% used [0x00000000e7580000,0x00000000eb8e3300,0x00000000edc80000)
  to   space 108032K, 0% used [0x00000000f1d80000,0x00000000f1d80000,0x00000000f8700000)
 ParOldGen       total 188416K, used 100907K [0x0000000080000000, 0x000000008b800000, 0x00000000d5580000)
  object space 188416K, 53% used [0x0000000080000000,0x000000008628aea0,0x000000008b800000)
 Metaspace       used 126553K, capacity 130917K, committed 130992K, reserved 1163264K
  class space    used 16061K, capacity 17053K, committed 17072K, reserved 1048576K
Event: 383.886 GC heap after
Heap after GC invocations=35 (full 7):
 PSYoungGen      total 461312K, used 78964K [0x00000000d5580000, 0x00000000f9180000, 0x0000000100000000)
  eden space 353280K, 0% used [0x00000000d5580000,0x00000000d5580000,0x00000000eae80000)
  from space 108032K, 73% used [0x00000000f1d80000,0x00000000f6a9d008,0x00000000f8700000)
  to   space 113664K, 0% used [0x00000000eae80000,0x00000000eae80000,0x00000000f1d80000)
 ParOldGen       total 188416K, used 168123K [0x0000000080000000, 0x000000008b800000, 0x00000000d5580000)
  object space 188416K, 89% used [0x0000000080000000,0x000000008a42eef8,0x000000008b800000)
 Metaspace       used 126553K, capacity 130917K, committed 130992K, reserved 1163264K
  class space    used 16061K, capacity 17053K, committed 17072K, reserved 1048576K
}
Event: 383.900 GC heap before
{Heap before GC invocations=36 (full 8):
 PSYoungGen      total 461312K, used 78964K [0x00000000d5580000, 0x00000000f9180000, 0x0000000100000000)
  eden space 353280K, 0% used [0x00000000d5580000,0x00000000d5580000,0x00000000eae80000)
  from space 108032K, 73% used [0x00000000f1d80000,0x00000000f6a9d008,0x00000000f8700000)
  to   space 113664K, 0% used [0x00000000eae80000,0x00000000eae80000,0x00000000f1d80000)
 ParOldGen       total 188416K, used 168123K [0x0000000080000000, 0x000000008b800000, 0x00000000d5580000)
  object space 188416K, 89% used [0x0000000080000000,0x000000008a42eef8,0x000000008b800000)
 Metaspace       used 126553K, capacity 130917K, committed 130992K, reserved 1163264K
  class space    used 16061K, capacity 17053K, committed 17072K, reserved 1048576K

