# JRE version: OpenJDK Runtime Environment (8.0_152-b01) (build 1.8.0_152-release-1248-b01)
# Java VM: OpenJDK 64-Bit Server VM (25.152-b01 mixed mode linux-amd64 compressed oops)
Heap:
 PSYoungGen      total 207360K, used 60403K [0x00000000d5580000, 0x00000000e7f00000, 0x0000000100000000)
  eden space 146944K, 0% used [0x00000000d5580000,0x00000000d5580000,0x00000000de500000)
  from space 60416K, 99% used [0x00000000e4400000,0x00000000e7efcc28,0x00000000e7f00000)
  to   space 41984K, 0% used [0x00000000de500000,0x00000000de500000,0x00000000e0e00000)
 ParOldGen       total 196608K, used 117780K [0x0000000080000000, 0x000000008c000000, 0x00000000d5580000)
  object space 196608K, 59% used [0x0000000080000000,0x0000000087305010,0x000000008c000000)
 Metaspace       used 88799K, capacity 91165K, committed 91264K, reserved 1128448K
  class space    used 10833K, capacity 11331K, committed 11392K, reserved 1048576K
GC Heap History (10 events):
Event: 445.854 GC heap after
Heap after GC invocations=17 (full 3):
 PSYoungGen      total 144384K, used 14378K [0x00000000d5580000, 0x00000000e0080000, 0x0000000100000000)
  eden space 122880K, 0% used [0x00000000d5580000,0x00000000d5580000,0x00000000dcd80000)
  from space 21504K, 66% used [0x00000000deb80000,0x00000000df98ab78,0x00000000e0080000)
  to   space 26112K, 0% used [0x00000000dcd80000,0x00000000dcd80000,0x00000000de700000)
 ParOldGen       total 116736K, used 58021K [0x0000000080000000, 0x0000000087200000, 0x00000000d5580000)
  object space 116736K, 49% used [0x0000000080000000,0x00000000838a9760,0x0000000087200000)
 Metaspace       used 69264K, capacity 70839K, committed 71040K, reserved 1112064K
  class space    used 8365K, capacity 8712K, committed 8832K, reserved 1048576K
}
Event: 447.440 GC heap before
{Heap before GC invocations=18 (full 3):
 PSYoungGen      total 144384K, used 137258K [0x00000000d5580000, 0x00000000e0080000, 0x0000000100000000)
  eden space 122880K, 100% used [0x00000000d5580000,0x00000000dcd80000,0x00000000dcd80000)
  from space 21504K, 66% used [0x00000000deb80000,0x00000000df98ab78,0x00000000e0080000)
  to   space 26112K, 0% used [0x00000000dcd80000,0x00000000dcd80000,0x00000000de700000)
 ParOldGen       total 116736K, used 58021K [0x0000000080000000, 0x0000000087200000, 0x00000000d5580000)
  object space 116736K, 49% used [0x0000000080000000,0x00000000838a9760,0x0000000087200000)
 Metaspace       used 71124K, capacity 72775K, committed 72960K, reserved 1114112K
  class space    used 8498K, capacity 8848K, committed 8960K, reserved 1048576K
Event: 447.523 GC heap after
Heap after GC invocations=18 (full 3):
 PSYoungGen      total 148992K, used 26102K [0x00000000d5580000, 0x00000000e3380000, 0x0000000100000000)
  eden space 122880K, 0% used [0x00000000d5580000,0x00000000d5580000,0x00000000dcd80000)
  from space 26112K, 99% used [0x00000000dcd80000,0x00000000de6fdb98,0x00000000de700000)
  to   space 38400K, 0% used [0x00000000e0e00000,0x00000000e0e00000,0x00000000e3380000)
 ParOldGen       total 116736K, used 80554K [0x0000000080000000, 0x0000000087200000, 0x00000000d5580000)
  object space 116736K, 69% used [0x0000000080000000,0x0000000084eaab60,0x0000000087200000)
 Metaspace       used 71124K, capacity 72775K, committed 72960K, reserved 1114112K
  class space    used 8498K, capacity 8848K, committed 8960K, reserved 1048576K
}
Event: 450.359 GC heap before
{Heap before GC invocations=19 (full 3):
 PSYoungGen      total 148992K, used 148982K [0x00000000d5580000, 0x00000000e3380000, 0x0000000100000000)
  eden space 122880K, 100% used [0x00000000d5580000,0x00000000dcd80000,0x00000000dcd80000)
  from space 26112K, 99% used [0x00000000dcd80000,0x00000000de6fdb98,0x00000000de700000)
  to   space 38400K, 0% used [0x00000000e0e00000,0x00000000e0e00000,0x00000000e3380000)
 ParOldGen       total 116736K, used 80554K [0x0000000080000000, 0x0000000087200000, 0x00000000d5580000)
  object space 116736K, 69% used [0x0000000080000000,0x0000000084eaab60,0x0000000087200000)
 Metaspace       used 81046K, capacity 83007K, committed 83328K, reserved 1122304K
  class space    used 9834K, capacity 10278K, committed 10368K, reserved 1048576K
Event: 451.396 GC heap after
Heap after GC invocations=19 (full 3):
 PSYoungGen      total 185344K, used 31453K [0x00000000d5580000, 0x00000000e5000000, 0x0000000100000000)
  eden space 146944K, 0% used [0x00000000d5580000,0x00000000d5580000,0x00000000de500000)
  from space 38400K, 81% used [0x00000000e0e00000,0x00000000e2cb7438,0x00000000e3380000)
  to   space 41984K, 0% used [0x00000000de500000,0x00000000de500000,0x00000000e0e00000)
 ParOldGen       total 116736K, used 91389K [0x0000000080000000, 0x0000000087200000, 0x00000000d5580000)
  object space 116736K, 78% used [0x0000000080000000,0x000000008593f650,0x0000000087200000)
 Metaspace       used 81046K, capacity 83007K, committed 83328K, reserved 1122304K
  class space    used 9834K, capacity 10278K, committed 10368K, reserved 1048576K
}
Event: 457.165 GC heap before
{Heap before GC invocations=20 (full 3):
 PSYoungGen      total 185344K, used 178397K [0x00000000d5580000, 0x00000000e5000000, 0x0000000100000000)
  eden space 146944K, 100% used [0x00000000d5580000,0x00000000de500000,0x00000000de500000)
  from space 38400K, 81% used [0x00000000e0e00000,0x00000000e2cb7438,0x00000000e3380000)
  to   space 41984K, 0% used [0x00000000de500000,0x00000000de500000,0x00000000e0e00000)
 ParOldGen       total 116736K, used 91389K [0x0000000080000000, 0x0000000087200000, 0x00000000d5580000)
  object space 116736K, 78% used [0x0000000080000000,0x000000008593f650,0x0000000087200000)
 Metaspace       used 86723K, capacity 88787K, committed 88960K, reserved 1126400K
  class space    used 10551K, capacity 11030K, committed 11136K, reserved 1048576K
Event: 457.286 GC heap after
Heap after GC invocations=20 (full 3):
 PSYoungGen      total 188928K, used 41955K [0x00000000d5580000, 0x00000000e7f00000, 0x0000000100000000)
  eden space 146944K, 0% used [0x00000000d5580000,0x00000000d5580000,0x00000000de500000)
  from space 41984K, 99% used [0x00000000de500000,0x00000000e0df8e30,0x00000000e0e00000)
  to   space 60416K, 0% used [0x00000000e4400000,0x00000000e4400000,0x00000000e7f00000)
 ParOldGen       total 123392K, used 123063K [0x0000000080000000, 0x0000000087880000, 0x00000000d5580000)
  object space 123392K, 99% used [0x0000000080000000,0x000000008782df58,0x0000000087880000)
 Metaspace       used 86723K, capacity 88787K, committed 88960K, reserved 1126400K
  class space    used 10551K, capacity 11030K, committed 11136K, reserved 1048576K
}
Event: 457.287 GC heap before
{Heap before GC invocations=21 (full 4):
 PSYoungGen      total 188928K, used 41955K [0x00000000d5580000, 0x00000000e7f00000, 0x0000000100000000)
  eden space 146944K, 0% used [0x00000000d5580000,0x00000000d5580000,0x00000000de500000)
  from space 41984K, 99% used [0x00000000de500000,0x00000000e0df8e30,0x00000000e0e00000)
  to   space 60416K, 0% used [0x00000000e4400000,0x00000000e4400000,0x00000000e7f00000)
 ParOldGen       total 123392K, used 123063K [0x0000000080000000, 0x0000000087880000, 0x00000000d5580000)
  object space 123392K, 99% used [0x0000000080000000,0x000000008782df58,0x0000000087880000)
 Metaspace       used 86723K, capacity 88787K, committed 88960K, reserved 1126400K
  class space    used 10551K, capacity 11030K, committed 11136K, reserved 1048576K
Event: 457.755 GC heap after
Heap after GC invocations=21 (full 4):
 PSYoungGen      total 188928K, used 0K [0x00000000d5580000, 0x00000000e7f00000, 0x0000000100000000)
  eden space 146944K, 0% used [0x00000000d5580000,0x00000000d5580000,0x00000000de500000)
  from space 41984K, 0% used [0x00000000de500000,0x00000000de500000,0x00000000e0e00000)
  to   space 60416K, 0% used [0x00000000e4400000,0x00000000e4400000,0x00000000e7f00000)
 ParOldGen       total 196608K, used 113059K [0x0000000080000000, 0x000000008c000000, 0x00000000d5580000)
  object space 196608K, 57% used [0x0000000080000000,0x0000000086e68de8,0x000000008c000000)
 Metaspace       used 86723K, capacity 88787K, committed 88960K, reserved 1126400K
  class space    used 10551K, capacity 11030K, committed 11136K, reserved 1048576K
}
Event: 458.856 GC heap before
{Heap before GC invocations=22 (full 4):
 PSYoungGen      total 188928K, used 146944K [0x00000000d5580000, 0x00000000e7f00000, 0x0000000100000000)
  eden space 146944K, 100% used [0x00000000d5580000,0x00000000de500000,0x00000000de500000)
  from space 41984K, 0% used [0x00000000de500000,0x00000000de500000,0x00000000e0e00000)
  to   space 60416K, 0% used [0x00000000e4400000,0x00000000e4400000,0x00000000e7f00000)
 ParOldGen       total 196608K, used 113059K [0x0000000080000000, 0x000000008c000000, 0x00000000d5580000)
  object space 196608K, 57% used [0x0000000080000000,0x0000000086e68de8,0x000000008c000000)
 Metaspace       used 88799K, capacity 91165K, committed 91264K, reserved 1128448K
  class space    used 10833K, capacity 11331K, committed 11392K, reserved 1048576K

