# JRE version: OpenJDK Runtime Environment (8.0_152-b01) (build 1.8.0_152-release-1248-b01)
# Java VM: OpenJDK 64-Bit Server VM (25.152-b01 mixed mode linux-amd64 compressed oops)
Heap:
 PSYoungGen      total 294912K, used 28163K [0x00000000d5580000, 0x00000000f0e00000, 0x0000000100000000)
  eden space 138752K, 0% used [0x00000000d5580000,0x00000000d5580000,0x00000000ddd00000)
  from space 156160K, 18% used [0x00000000ddd00000,0x00000000df880f40,0x00000000e7580000)
  to   space 150016K, 0% used [0x00000000e7b80000,0x00000000e7b80000,0x00000000f0e00000)
 ParOldGen       total 270848K, used 202524K [0x0000000080000000, 0x0000000090880000, 0x00000000d5580000)
  object space 270848K, 74% used [0x0000000080000000,0x000000008c5c7208,0x0000000090880000)
 Metaspace       used 91397K, capacity 94103K, committed 94376K, reserved 1130496K
  class space    used 11831K, capacity 12430K, committed 12456K, reserved 1048576K
GC Heap History (10 events):
Event: 20.685 GC heap after
Heap after GC invocations=26 (full 5):
 PSYoungGen      total 244224K, used 88391K [0x00000000d5580000, 0x00000000ee300000, 0x0000000100000000)
  eden space 117760K, 0% used [0x00000000d5580000,0x00000000d5580000,0x00000000dc880000)
  from space 126464K, 69% used [0x00000000dc880000,0x00000000e1ed1ea0,0x00000000e4400000)
  to   space 133632K, 0% used [0x00000000e6080000,0x00000000e6080000,0x00000000ee300000)
 ParOldGen       total 263680K, used 219491K [0x0000000080000000, 0x0000000090180000, 0x00000000d5580000)
  object space 263680K, 83% used [0x0000000080000000,0x000000008d658d40,0x0000000090180000)
 Metaspace       used 71162K, capacity 73124K, committed 73384K, reserved 1114112K
  class space    used 9176K, capacity 9604K, committed 9640K, reserved 1048576K
}
Event: 21.479 GC heap before
{Heap before GC invocations=27 (full 5):
 PSYoungGen      total 244224K, used 206151K [0x00000000d5580000, 0x00000000ee300000, 0x0000000100000000)
  eden space 117760K, 100% used [0x00000000d5580000,0x00000000dc880000,0x00000000dc880000)
  from space 126464K, 69% used [0x00000000dc880000,0x00000000e1ed1ea0,0x00000000e4400000)
  to   space 133632K, 0% used [0x00000000e6080000,0x00000000e6080000,0x00000000ee300000)
 ParOldGen       total 263680K, used 219491K [0x0000000080000000, 0x0000000090180000, 0x00000000d5580000)
  object space 263680K, 83% used [0x0000000080000000,0x000000008d658d40,0x0000000090180000)
 Metaspace       used 72457K, capacity 74606K, committed 74920K, reserved 1114112K
  class space    used 9371K, capacity 9827K, committed 9896K, reserved 1048576K
Event: 21.924 GC heap after
Heap after GC invocations=27 (full 5):
 PSYoungGen      total 247296K, used 133631K [0x00000000d5580000, 0x00000000f1c80000, 0x0000000100000000)
  eden space 113664K, 0% used [0x00000000d5580000,0x00000000d5580000,0x00000000dc480000)
  from space 133632K, 99% used [0x00000000e6080000,0x00000000ee2fff78,0x00000000ee300000)
  to   space 159744K, 0% used [0x00000000dc480000,0x00000000dc480000,0x00000000e6080000)
 ParOldGen       total 263680K, used 229831K [0x0000000080000000, 0x0000000090180000, 0x00000000d5580000)
  object space 263680K, 87% used [0x0000000080000000,0x000000008e071db0,0x0000000090180000)
 Metaspace       used 72457K, capacity 74606K, committed 74920K, reserved 1114112K
  class space    used 9371K, capacity 9827K, committed 9896K, reserved 1048576K
}
Event: 21.924 GC heap before
{Heap before GC invocations=28 (full 6):
 PSYoungGen      total 247296K, used 133631K [0x00000000d5580000, 0x00000000f1c80000, 0x0000000100000000)
  eden space 113664K, 0% used [0x00000000d5580000,0x00000000d5580000,0x00000000dc480000)
  from space 133632K, 99% used [0x00000000e6080000,0x00000000ee2fff78,0x00000000ee300000)
  to   space 159744K, 0% used [0x00000000dc480000,0x00000000dc480000,0x00000000e6080000)
 ParOldGen       total 263680K, used 229831K [0x0000000080000000, 0x0000000090180000, 0x00000000d5580000)
  object space 263680K, 87% used [0x0000000080000000,0x000000008e071db0,0x0000000090180000)
 Metaspace       used 72457K, capacity 74606K, committed 74920K, reserved 1114112K
  class space    used 9371K, capacity 9827K, committed 9896K, reserved 1048576K
Event: 22.544 GC heap after
Heap after GC invocations=28 (full 6):
 PSYoungGen      total 247296K, used 0K [0x00000000d5580000, 0x00000000f1c80000, 0x0000000100000000)
  eden space 113664K, 0% used [0x00000000d5580000,0x00000000d5580000,0x00000000dc480000)
  from space 133632K, 0% used [0x00000000e6080000,0x00000000e6080000,0x00000000ee300000)
  to   space 159744K, 0% used [0x00000000dc480000,0x00000000dc480000,0x00000000e6080000)
 ParOldGen       total 270848K, used 144599K [0x0000000080000000, 0x0000000090880000, 0x00000000d5580000)
  object space 270848K, 53% used [0x0000000080000000,0x0000000088d35fd8,0x0000000090880000)
 Metaspace       used 72457K, capacity 74606K, committed 74920K, reserved 1114112K
  class space    used 9371K, capacity 9827K, committed 9896K, reserved 1048576K
}
Event: 22.919 GC heap before
{Heap before GC invocations=29 (full 6):
 PSYoungGen      total 247296K, used 113664K [0x00000000d5580000, 0x00000000f1c80000, 0x0000000100000000)
  eden space 113664K, 100% used [0x00000000d5580000,0x00000000dc480000,0x00000000dc480000)
  from space 133632K, 0% used [0x00000000e6080000,0x00000000e6080000,0x00000000ee300000)
  to   space 159744K, 0% used [0x00000000dc480000,0x00000000dc480000,0x00000000e6080000)
 ParOldGen       total 270848K, used 144599K [0x0000000080000000, 0x0000000090880000, 0x00000000d5580000)
  object space 270848K, 53% used [0x0000000080000000,0x0000000088d35fd8,0x0000000090880000)
 Metaspace       used 72466K, capacity 74606K, committed 74920K, reserved 1114112K
  class space    used 9371K, capacity 9827K, committed 9896K, reserved 1048576K
Event: 23.010 GC heap after
Heap after GC invocations=29 (full 6):
 PSYoungGen      total 273408K, used 86663K [0x00000000d5580000, 0x00000000f1700000, 0x0000000100000000)
  eden space 113664K, 0% used [0x00000000d5580000,0x00000000d5580000,0x00000000dc480000)
  from space 159744K, 54% used [0x00000000dc480000,0x00000000e1921df8,0x00000000e6080000)
  to   space 159232K, 0% used [0x00000000e7b80000,0x00000000e7b80000,0x00000000f1700000)
 ParOldGen       total 270848K, used 144599K [0x0000000080000000, 0x0000000090880000, 0x00000000d5580000)
  object space 270848K, 53% used [0x0000000080000000,0x0000000088d35fd8,0x0000000090880000)
 Metaspace       used 72466K, capacity 74606K, committed 74920K, reserved 1114112K
  class space    used 9371K, capacity 9827K, committed 9896K, reserved 1048576K
}
Event: 190.933 GC heap before
{Heap before GC invocations=30 (full 6):
 PSYoungGen      total 273408K, used 200327K [0x00000000d5580000, 0x00000000f1700000, 0x0000000100000000)
  eden space 113664K, 100% used [0x00000000d5580000,0x00000000dc480000,0x00000000dc480000)
  from space 159744K, 54% used [0x00000000dc480000,0x00000000e1921df8,0x00000000e6080000)
  to   space 159232K, 0% used [0x00000000e7b80000,0x00000000e7b80000,0x00000000f1700000)
 ParOldGen       total 270848K, used 144599K [0x0000000080000000, 0x0000000090880000, 0x00000000d5580000)
  object space 270848K, 53% used [0x0000000080000000,0x0000000088d35fd8,0x0000000090880000)
 Metaspace       used 82269K, capacity 84655K, committed 85032K, reserved 1122304K
  class space    used 10654K, capacity 11192K, committed 11304K, reserved 1048576K
Event: 191.242 GC heap after
Heap after GC invocations=30 (full 6):
 PSYoungGen      total 288768K, used 82126K [0x00000000d5580000, 0x00000000f0e00000, 0x0000000100000000)
  eden space 138752K, 0% used [0x00000000d5580000,0x00000000d5580000,0x00000000ddd00000)
  from space 150016K, 54% used [0x00000000e7b80000,0x00000000ecbb3838,0x00000000f0e00000)
  to   space 156160K, 0% used [0x00000000ddd00000,0x00000000ddd00000,0x00000000e7580000)
 ParOldGen       total 270848K, used 144607K [0x0000000080000000, 0x0000000090880000, 0x00000000d5580000)
  object space 270848K, 53% used [0x0000000080000000,0x0000000088d37fd8,0x0000000090880000)
 Metaspace       used 82269K, capacity 84655K, committed 85032K, reserved 1122304K
  class space    used 10654K, capacity 11192K, committed 11304K, reserved 1048576K
}
Event: 215.921 GC heap before
{Heap before GC invocations=31 (full 6):
 PSYoungGen      total 288768K, used 220878K [0x00000000d5580000, 0x00000000f0e00000, 0x0000000100000000)
  eden space 138752K, 100% used [0x00000000d5580000,0x00000000ddd00000,0x00000000ddd00000)
  from space 150016K, 54% used [0x00000000e7b80000,0x00000000ecbb3838,0x00000000f0e00000)
  to   space 156160K, 0% used [0x00000000ddd00000,0x00000000ddd00000,0x00000000e7580000)
 ParOldGen       total 270848K, used 144607K [0x0000000080000000, 0x0000000090880000, 0x00000000d5580000)
  object space 270848K, 53% used [0x0000000080000000,0x0000000088d37fd8,0x0000000090880000)
 Metaspace       used 91397K, capacity 94103K, committed 94376K, reserved 1130496K
  class space    used 11831K, capacity 12430K, committed 12456K, reserved 1048576K

