# JRE version: OpenJDK Runtime Environment (8.0_152-b01) (build 1.8.0_152-release-1248-b01)
# Java VM: OpenJDK 64-Bit Server VM (25.152-b01 mixed mode linux-amd64 compressed oops)
Heap:
 PSYoungGen      total 192000K, used 13804K [0x00000000d5580000, 0x00000000e1e80000, 0x0000000100000000)
  eden space 178176K, 0% used [0x00000000d5580000,0x00000000d5580000,0x00000000e0380000)
  from space 13824K, 99% used [0x00000000e0380000,0x00000000e10fb2d8,0x00000000e1100000)
  to   space 13824K, 0% used [0x00000000e1100000,0x00000000e1100000,0x00000000e1e80000)
 ParOldGen       total 69632K, used 37381K [0x0000000080000000, 0x0000000084400000, 0x00000000d5580000)
  object space 69632K, 53% used [0x0000000080000000,0x0000000082481750,0x0000000084400000)
 Metaspace       used 63065K, capacity 64938K, committed 65176K, reserved 1105920K
  class space    used 8514K, capacity 9018K, committed 9136K, reserved 1048576K
GC Heap History (10 events):
Event: 10.622 GC heap after
Heap after GC invocations=13 (full 2):
 PSYoungGen      total 98304K, used 0K [0x00000000d5580000, 0x00000000deb00000, 0x0000000100000000)
  eden space 88576K, 0% used [0x00000000d5580000,0x00000000d5580000,0x00000000dac00000)
  from space 9728K, 0% used [0x00000000dac00000,0x00000000dac00000,0x00000000db580000)
  to   space 10240K, 0% used [0x00000000de100000,0x00000000de100000,0x00000000deb00000)
 ParOldGen       total 46080K, used 19254K [0x0000000080000000, 0x0000000082d00000, 0x00000000d5580000)
  object space 46080K, 41% used [0x0000000080000000,0x00000000812cda10,0x0000000082d00000)
 Metaspace       used 34625K, capacity 35368K, committed 35496K, reserved 1079296K
  class space    used 4836K, capacity 5116K, committed 5168K, reserved 1048576K
}
Event: 11.640 GC heap before
{Heap before GC invocations=14 (full 2):
 PSYoungGen      total 98304K, used 88576K [0x00000000d5580000, 0x00000000deb00000, 0x0000000100000000)
  eden space 88576K, 100% used [0x00000000d5580000,0x00000000dac00000,0x00000000dac00000)
  from space 9728K, 0% used [0x00000000dac00000,0x00000000dac00000,0x00000000db580000)
  to   space 10240K, 0% used [0x00000000de100000,0x00000000de100000,0x00000000deb00000)
 ParOldGen       total 46080K, used 19254K [0x0000000080000000, 0x0000000082d00000, 0x00000000d5580000)
  object space 46080K, 41% used [0x0000000080000000,0x00000000812cda10,0x0000000082d00000)
 Metaspace       used 42367K, capacity 43398K, committed 43824K, reserved 1087488K
  class space    used 5729K, capacity 6072K, committed 6192K, reserved 1048576K
Event: 11.652 GC heap after
Heap after GC invocations=14 (full 2):
 PSYoungGen      total 136704K, used 10236K [0x00000000d5580000, 0x00000000deb00000, 0x0000000100000000)
  eden space 126464K, 0% used [0x00000000d5580000,0x00000000d5580000,0x00000000dd100000)
  from space 10240K, 99% used [0x00000000de100000,0x00000000deaff098,0x00000000deb00000)
  to   space 12800K, 0% used [0x00000000dd200000,0x00000000dd200000,0x00000000dde80000)
 ParOldGen       total 46080K, used 22709K [0x0000000080000000, 0x0000000082d00000, 0x00000000d5580000)
  object space 46080K, 49% used [0x0000000080000000,0x000000008162d540,0x0000000082d00000)
 Metaspace       used 42367K, capacity 43398K, committed 43824K, reserved 1087488K
  class space    used 5729K, capacity 6072K, committed 6192K, reserved 1048576K
}
Event: 15.407 GC heap before
{Heap before GC invocations=15 (full 2):
 PSYoungGen      total 136704K, used 136700K [0x00000000d5580000, 0x00000000deb00000, 0x0000000100000000)
  eden space 126464K, 100% used [0x00000000d5580000,0x00000000dd100000,0x00000000dd100000)
  from space 10240K, 99% used [0x00000000de100000,0x00000000deaff098,0x00000000deb00000)
  to   space 12800K, 0% used [0x00000000dd200000,0x00000000dd200000,0x00000000dde80000)
 ParOldGen       total 46080K, used 22709K [0x0000000080000000, 0x0000000082d00000, 0x00000000d5580000)
  object space 46080K, 49% used [0x0000000080000000,0x000000008162d540,0x0000000082d00000)
 Metaspace       used 53516K, capacity 54852K, committed 55088K, reserved 1097728K
  class space    used 7234K, capacity 7641K, committed 7728K, reserved 1048576K
Event: 15.450 GC heap after
Heap after GC invocations=15 (full 2):
 PSYoungGen      total 140288K, used 12670K [0x00000000d5580000, 0x00000000e1f00000, 0x0000000100000000)
  eden space 127488K, 0% used [0x00000000d5580000,0x00000000d5580000,0x00000000dd200000)
  from space 12800K, 98% used [0x00000000dd200000,0x00000000dde5f908,0x00000000dde80000)
  to   space 14336K, 0% used [0x00000000e1100000,0x00000000e1100000,0x00000000e1f00000)
 ParOldGen       total 46080K, used 30305K [0x0000000080000000, 0x0000000082d00000, 0x00000000d5580000)
  object space 46080K, 65% used [0x0000000080000000,0x0000000081d98718,0x0000000082d00000)
 Metaspace       used 53516K, capacity 54852K, committed 55088K, reserved 1097728K
  class space    used 7234K, capacity 7641K, committed 7728K, reserved 1048576K
}
Event: 16.556 GC heap before
{Heap before GC invocations=16 (full 2):
 PSYoungGen      total 140288K, used 77047K [0x00000000d5580000, 0x00000000e1f00000, 0x0000000100000000)
  eden space 127488K, 50% used [0x00000000d5580000,0x00000000d945e460,0x00000000dd200000)
  from space 12800K, 98% used [0x00000000dd200000,0x00000000dde5f908,0x00000000dde80000)
  to   space 14336K, 0% used [0x00000000e1100000,0x00000000e1100000,0x00000000e1f00000)
 ParOldGen       total 46080K, used 30305K [0x0000000080000000, 0x0000000082d00000, 0x00000000d5580000)
  object space 46080K, 65% used [0x0000000080000000,0x0000000081d98718,0x0000000082d00000)
 Metaspace       used 57399K, capacity 58964K, committed 59160K, reserved 1099776K
  class space    used 7771K, capacity 8211K, committed 8240K, reserved 1048576K
Event: 16.578 GC heap after
Heap after GC invocations=16 (full 2):
 PSYoungGen      total 192000K, used 6790K [0x00000000d5580000, 0x00000000e1e80000, 0x0000000100000000)
  eden space 178176K, 0% used [0x00000000d5580000,0x00000000d5580000,0x00000000e0380000)
  from space 13824K, 49% used [0x00000000e1100000,0x00000000e17a1a50,0x00000000e1e80000)
  to   space 13824K, 0% used [0x00000000e0380000,0x00000000e0380000,0x00000000e1100000)
 ParOldGen       total 46080K, used 34980K [0x0000000080000000, 0x0000000082d00000, 0x00000000d5580000)
  object space 46080K, 75% used [0x0000000080000000,0x00000000822293e8,0x0000000082d00000)
 Metaspace       used 57399K, capacity 58964K, committed 59160K, reserved 1099776K
  class space    used 7771K, capacity 8211K, committed 8240K, reserved 1048576K
}
Event: 16.578 GC heap before
{Heap before GC invocations=17 (full 3):
 PSYoungGen      total 192000K, used 6790K [0x00000000d5580000, 0x00000000e1e80000, 0x0000000100000000)
  eden space 178176K, 0% used [0x00000000d5580000,0x00000000d5580000,0x00000000e0380000)
  from space 13824K, 49% used [0x00000000e1100000,0x00000000e17a1a50,0x00000000e1e80000)
  to   space 13824K, 0% used [0x00000000e0380000,0x00000000e0380000,0x00000000e1100000)
 ParOldGen       total 46080K, used 34980K [0x0000000080000000, 0x0000000082d00000, 0x00000000d5580000)
  object space 46080K, 75% used [0x0000000080000000,0x00000000822293e8,0x0000000082d00000)
 Metaspace       used 57399K, capacity 58964K, committed 59160K, reserved 1099776K
  class space    used 7771K, capacity 8211K, committed 8240K, reserved 1048576K
Event: 16.777 GC heap after
Heap after GC invocations=17 (full 3):
 PSYoungGen      total 192000K, used 0K [0x00000000d5580000, 0x00000000e1e80000, 0x0000000100000000)
  eden space 178176K, 0% used [0x00000000d5580000,0x00000000d5580000,0x00000000e0380000)
  from space 13824K, 0% used [0x00000000e1100000,0x00000000e1100000,0x00000000e1e80000)
  to   space 13824K, 0% used [0x00000000e0380000,0x00000000e0380000,0x00000000e1100000)
 ParOldGen       total 69632K, used 33943K [0x0000000080000000, 0x0000000084400000, 0x00000000d5580000)
  object space 69632K, 48% used [0x0000000080000000,0x0000000082125da0,0x0000000084400000)
 Metaspace       used 57399K, capacity 58964K, committed 59160K, reserved 1099776K
  class space    used 7771K, capacity 8211K, committed 8240K, reserved 1048576K
}
Event: 19.365 GC heap before
{Heap before GC invocations=18 (full 3):
 PSYoungGen      total 192000K, used 178176K [0x00000000d5580000, 0x00000000e1e80000, 0x0000000100000000)
  eden space 178176K, 100% used [0x00000000d5580000,0x00000000e0380000,0x00000000e0380000)
  from space 13824K, 0% used [0x00000000e1100000,0x00000000e1100000,0x00000000e1e80000)
  to   space 13824K, 0% used [0x00000000e0380000,0x00000000e0380000,0x00000000e1100000)
 ParOldGen       total 69632K, used 33943K [0x0000000080000000, 0x0000000084400000, 0x00000000d5580000)
  object space 69632K, 48% used [0x0000000080000000,0x0000000082125da0,0x0000000084400000)
 Metaspace       used 63065K, capacity 64938K, committed 65176K, reserved 1105920K
  class space    used 8514K, capacity 9018K, committed 9136K, reserved 1048576K

