# JRE version: OpenJDK Runtime Environment (8.0_152-b01) (build 1.8.0_152-release-1248-b01)
# Java VM: OpenJDK 64-Bit Server VM (25.152-b01 mixed mode linux-amd64 compressed oops)
Heap:
 PSYoungGen      total 438784K, used 27616K [0x00000000d5580000, 0x00000000f1d00000, 0x0000000100000000)
  eden space 411136K, 0% used [0x00000000d5580000,0x00000000d5580000,0x00000000ee700000)
  from space 27648K, 99% used [0x00000000ee700000,0x00000000f01f8268,0x00000000f0200000)
  to   space 22528K, 0% used [0x00000000f0700000,0x00000000f0700000,0x00000000f1d00000)
 ParOldGen       total 117248K, used 117200K [0x0000000080000000, 0x0000000087280000, 0x00000000d5580000)
  object space 117248K, 99% used [0x0000000080000000,0x00000000872741b0,0x0000000087280000)
 Metaspace       used 93221K, capacity 97511K, committed 97816K, reserved 1134592K
  class space    used 11843K, capacity 12756K, committed 12848K, reserved 1048576K
GC Heap History (10 events):
Event: 665.133 GC heap after
Heap after GC invocations=21 (full 3):
 PSYoungGen      total 355840K, used 10728K [0x00000000d5580000, 0x00000000ed400000, 0x0000000100000000)
  eden space 333312K, 0% used [0x00000000d5580000,0x00000000d5580000,0x00000000e9b00000)
  from space 22528K, 47% used [0x00000000ebe00000,0x00000000ec87a360,0x00000000ed400000)
  to   space 29184K, 0% used [0x00000000e9b00000,0x00000000e9b00000,0x00000000eb780000)
 ParOldGen       total 81408K, used 64700K [0x0000000080000000, 0x0000000084f80000, 0x00000000d5580000)
  object space 81408K, 79% used [0x0000000080000000,0x0000000083f2f2d8,0x0000000084f80000)
 Metaspace       used 87671K, capacity 91441K, committed 91544K, reserved 1128448K
  class space    used 11362K, capacity 12166K, committed 12208K, reserved 1048576K
}
Event: 689.096 GC heap before
{Heap before GC invocations=22 (full 3):
 PSYoungGen      total 355840K, used 343162K [0x00000000d5580000, 0x00000000ed400000, 0x0000000100000000)
  eden space 333312K, 99% used [0x00000000d5580000,0x00000000e9a244c8,0x00000000e9b00000)
  from space 22528K, 47% used [0x00000000ebe00000,0x00000000ec87a360,0x00000000ed400000)
  to   space 29184K, 0% used [0x00000000e9b00000,0x00000000e9b00000,0x00000000eb780000)
 ParOldGen       total 81408K, used 64700K [0x0000000080000000, 0x0000000084f80000, 0x00000000d5580000)
  object space 81408K, 79% used [0x0000000080000000,0x0000000083f2f2d8,0x0000000084f80000)
 Metaspace       used 90059K, capacity 94131K, committed 94232K, reserved 1130496K
  class space    used 11650K, capacity 12507K, committed 12592K, reserved 1048576K
Event: 689.208 GC heap after
Heap after GC invocations=22 (full 3):
 PSYoungGen      total 332800K, used 14053K [0x00000000d5580000, 0x00000000ec380000, 0x0000000100000000)
  eden space 318464K, 0% used [0x00000000d5580000,0x00000000d5580000,0x00000000e8c80000)
  from space 14336K, 98% used [0x00000000e9b00000,0x00000000ea8b9468,0x00000000ea900000)
  to   space 27136K, 0% used [0x00000000ea900000,0x00000000ea900000,0x00000000ec380000)
 ParOldGen       total 81408K, used 64708K [0x0000000080000000, 0x0000000084f80000, 0x00000000d5580000)
  object space 81408K, 79% used [0x0000000080000000,0x0000000083f312d8,0x0000000084f80000)
 Metaspace       used 90059K, capacity 94131K, committed 94232K, reserved 1130496K
  class space    used 11650K, capacity 12507K, committed 12592K, reserved 1048576K
}
Event: 689.300 GC heap before
{Heap before GC invocations=23 (full 3):
 PSYoungGen      total 332800K, used 332398K [0x00000000d5580000, 0x00000000ec380000, 0x0000000100000000)
  eden space 318464K, 99% used [0x00000000d5580000,0x00000000e8c62460,0x00000000e8c80000)
  from space 14336K, 98% used [0x00000000e9b00000,0x00000000ea8b9468,0x00000000ea900000)
  to   space 27136K, 0% used [0x00000000ea900000,0x00000000ea900000,0x00000000ec380000)
 ParOldGen       total 81408K, used 64708K [0x0000000080000000, 0x0000000084f80000, 0x00000000d5580000)
  object space 81408K, 79% used [0x0000000080000000,0x0000000083f312d8,0x0000000084f80000)
 Metaspace       used 90068K, capacity 94131K, committed 94232K, reserved 1130496K
  class space    used 11650K, capacity 12507K, committed 12592K, reserved 1048576K
Event: 689.383 GC heap after
Heap after GC invocations=23 (full 3):
 PSYoungGen      total 348160K, used 11273K [0x00000000d5580000, 0x00000000f2300000, 0x0000000100000000)
  eden space 321024K, 0% used [0x00000000d5580000,0x00000000d5580000,0x00000000e8f00000)
  from space 27136K, 41% used [0x00000000ea900000,0x00000000eb402788,0x00000000ec380000)
  to   space 26624K, 0% used [0x00000000e8f00000,0x00000000e8f00000,0x00000000ea900000)
 ParOldGen       total 81408K, used 64716K [0x0000000080000000, 0x0000000084f80000, 0x00000000d5580000)
  object space 81408K, 79% used [0x0000000080000000,0x0000000083f332d8,0x0000000084f80000)
 Metaspace       used 90068K, capacity 94131K, committed 94232K, reserved 1130496K
  class space    used 11650K, capacity 12507K, committed 12592K, reserved 1048576K
}
Event: 691.992 GC heap before
{Heap before GC invocations=24 (full 3):
 PSYoungGen      total 348160K, used 332297K [0x00000000d5580000, 0x00000000f2300000, 0x0000000100000000)
  eden space 321024K, 100% used [0x00000000d5580000,0x00000000e8f00000,0x00000000e8f00000)
  from space 27136K, 41% used [0x00000000ea900000,0x00000000eb402788,0x00000000ec380000)
  to   space 26624K, 0% used [0x00000000e8f00000,0x00000000e8f00000,0x00000000ea900000)
 ParOldGen       total 81408K, used 64716K [0x0000000080000000, 0x0000000084f80000, 0x00000000d5580000)
  object space 81408K, 79% used [0x0000000080000000,0x0000000083f332d8,0x0000000084f80000)
 Metaspace       used 91725K, capacity 95953K, committed 96152K, reserved 1132544K
  class space    used 11805K, capacity 12715K, committed 12720K, reserved 1048576K
Event: 692.011 GC heap after
Heap after GC invocations=24 (full 3):
 PSYoungGen      total 347648K, used 16961K [0x00000000d5580000, 0x00000000f2180000, 0x0000000100000000)
  eden space 321024K, 0% used [0x00000000d5580000,0x00000000d5580000,0x00000000e8f00000)
  from space 26624K, 63% used [0x00000000e8f00000,0x00000000e9f90718,0x00000000ea900000)
  to   space 27136K, 0% used [0x00000000f0700000,0x00000000f0700000,0x00000000f2180000)
 ParOldGen       total 81408K, used 65970K [0x0000000080000000, 0x0000000084f80000, 0x00000000d5580000)
  object space 81408K, 81% used [0x0000000080000000,0x000000008406c848,0x0000000084f80000)
 Metaspace       used 91725K, capacity 95953K, committed 96152K, reserved 1132544K
  class space    used 11805K, capacity 12715K, committed 12720K, reserved 1048576K
}
Event: 693.940 GC heap before
{Heap before GC invocations=25 (full 3):
 PSYoungGen      total 347648K, used 337985K [0x00000000d5580000, 0x00000000f2180000, 0x0000000100000000)
  eden space 321024K, 100% used [0x00000000d5580000,0x00000000e8f00000,0x00000000e8f00000)
  from space 26624K, 63% used [0x00000000e8f00000,0x00000000e9f90718,0x00000000ea900000)
  to   space 27136K, 0% used [0x00000000f0700000,0x00000000f0700000,0x00000000f2180000)
 ParOldGen       total 81408K, used 65970K [0x0000000080000000, 0x0000000084f80000, 0x00000000d5580000)
  object space 81408K, 81% used [0x0000000080000000,0x000000008406c848,0x0000000084f80000)
 Metaspace       used 92602K, capacity 96875K, committed 97048K, reserved 1134592K
  class space    used 11826K, capacity 12754K, committed 12848K, reserved 1048576K
Event: 693.985 GC heap after
Heap after GC invocations=25 (full 3):
 PSYoungGen      total 433664K, used 18245K [0x00000000d5580000, 0x00000000f1d00000, 0x0000000100000000)
  eden space 411136K, 0% used [0x00000000d5580000,0x00000000d5580000,0x00000000ee700000)
  from space 22528K, 80% used [0x00000000f0700000,0x00000000f18d1680,0x00000000f1d00000)
  to   space 27648K, 0% used [0x00000000ee700000,0x00000000ee700000,0x00000000f0200000)
 ParOldGen       total 81408K, used 66966K [0x0000000080000000, 0x0000000084f80000, 0x00000000d5580000)
  object space 81408K, 82% used [0x0000000080000000,0x0000000084165878,0x0000000084f80000)
 Metaspace       used 92602K, capacity 96875K, committed 97048K, reserved 1134592K
  class space    used 11826K, capacity 12754K, committed 12848K, reserved 1048576K
}
Event: 700.306 GC heap before
{Heap before GC invocations=26 (full 3):
 PSYoungGen      total 433664K, used 429381K [0x00000000d5580000, 0x00000000f1d00000, 0x0000000100000000)
  eden space 411136K, 100% used [0x00000000d5580000,0x00000000ee700000,0x00000000ee700000)
  from space 22528K, 80% used [0x00000000f0700000,0x00000000f18d1680,0x00000000f1d00000)
  to   space 27648K, 0% used [0x00000000ee700000,0x00000000ee700000,0x00000000f0200000)
 ParOldGen       total 81408K, used 66966K [0x0000000080000000, 0x0000000084f80000, 0x00000000d5580000)
  object space 81408K, 82% used [0x0000000080000000,0x0000000084165878,0x0000000084f80000)
 Metaspace       used 93221K, capacity 97511K, committed 97816K, reserved 1134592K
  class space    used 11843K, capacity 12756K, committed 12848K, reserved 1048576K

