# JRE version: OpenJDK Runtime Environment (8.0_152-b01) (build 1.8.0_152-release-1248-b01)
# Java VM: OpenJDK 64-Bit Server VM (25.152-b01 mixed mode linux-amd64 compressed oops)
Heap:
 PSYoungGen      total 273408K, used 29793K [0x00000000d5580000, 0x00000000eb280000, 0x0000000100000000)
  eden space 189440K, 0% used [0x00000000d5580000,0x00000000d5580000,0x00000000e0e80000)
  from space 83968K, 35% used [0x00000000e0e80000,0x00000000e2b986d8,0x00000000e6080000)
  to   space 78336K, 0% used [0x00000000e6600000,0x00000000e6600000,0x00000000eb280000)
 ParOldGen       total 168448K, used 34428K [0x0000000080000000, 0x000000008a480000, 0x00000000d5580000)
  object space 168448K, 20% used [0x0000000080000000,0x000000008219f3d0,0x000000008a480000)
 Metaspace       used 91249K, capacity 93785K, committed 93912K, reserved 1132544K
  class space    used 11125K, capacity 11709K, committed 11776K, reserved 1048576K
GC Heap History (10 events):
Event: 397.522 GC heap after
Heap after GC invocations=24 (full 5):
 PSYoungGen      total 192512K, used 0K [0x00000000d5580000, 0x00000000e9600000, 0x0000000100000000)
  eden space 121344K, 0% used [0x00000000d5580000,0x00000000d5580000,0x00000000dcc00000)
  from space 71168K, 0% used [0x00000000dcc00000,0x00000000dcc00000,0x00000000e1180000)
  to   space 82944K, 0% used [0x00000000e4500000,0x00000000e4500000,0x00000000e9600000)
 ParOldGen       total 269824K, used 156805K [0x0000000080000000, 0x0000000090780000, 0x00000000d5580000)
  object space 269824K, 58% used [0x0000000080000000,0x0000000089921558,0x0000000090780000)
 Metaspace       used 82848K, capacity 84851K, committed 84952K, reserved 1124352K
  class space    used 10245K, capacity 10710K, committed 10752K, reserved 1048576K
}
Event: 398.820 GC heap before
{Heap before GC invocations=25 (full 5):
 PSYoungGen      total 192512K, used 121344K [0x00000000d5580000, 0x00000000e9600000, 0x0000000100000000)
  eden space 121344K, 100% used [0x00000000d5580000,0x00000000dcc00000,0x00000000dcc00000)
  from space 71168K, 0% used [0x00000000dcc00000,0x00000000dcc00000,0x00000000e1180000)
  to   space 82944K, 0% used [0x00000000e4500000,0x00000000e4500000,0x00000000e9600000)
 ParOldGen       total 269824K, used 156805K [0x0000000080000000, 0x0000000090780000, 0x00000000d5580000)
  object space 269824K, 58% used [0x0000000080000000,0x0000000089921558,0x0000000090780000)
 Metaspace       used 83418K, capacity 85507K, committed 85592K, reserved 1124352K
  class space    used 10306K, capacity 10818K, committed 10880K, reserved 1048576K
Event: 398.951 GC heap after
Heap after GC invocations=25 (full 5):
 PSYoungGen      total 236032K, used 63105K [0x00000000d5580000, 0x00000000e9a00000, 0x0000000100000000)
  eden space 153088K, 0% used [0x00000000d5580000,0x00000000d5580000,0x00000000deb00000)
  from space 82944K, 76% used [0x00000000e4500000,0x00000000e82a04e0,0x00000000e9600000)
  to   space 89600K, 0% used [0x00000000deb00000,0x00000000deb00000,0x00000000e4280000)
 ParOldGen       total 269824K, used 156813K [0x0000000080000000, 0x0000000090780000, 0x00000000d5580000)
  object space 269824K, 58% used [0x0000000080000000,0x0000000089923558,0x0000000090780000)
 Metaspace       used 83418K, capacity 85507K, committed 85592K, reserved 1124352K
  class space    used 10306K, capacity 10818K, committed 10880K, reserved 1048576K
}
Event: 420.526 GC heap before
{Heap before GC invocations=26 (full 5):
 PSYoungGen      total 236032K, used 216193K [0x00000000d5580000, 0x00000000e9a00000, 0x0000000100000000)
  eden space 153088K, 100% used [0x00000000d5580000,0x00000000deb00000,0x00000000deb00000)
  from space 82944K, 76% used [0x00000000e4500000,0x00000000e82a04e0,0x00000000e9600000)
  to   space 89600K, 0% used [0x00000000deb00000,0x00000000deb00000,0x00000000e4280000)
 ParOldGen       total 269824K, used 156813K [0x0000000080000000, 0x0000000090780000, 0x00000000d5580000)
  object space 269824K, 58% used [0x0000000080000000,0x0000000089923558,0x0000000090780000)
 Metaspace       used 87080K, capacity 89301K, committed 89560K, reserved 1128448K
  class space    used 10713K, capacity 11245K, committed 11264K, reserved 1048576K
Event: 421.369 GC heap after
Heap after GC invocations=26 (full 5):
 PSYoungGen      total 242688K, used 6449K [0x00000000d5580000, 0x00000000ebd00000, 0x0000000100000000)
  eden space 153088K, 0% used [0x00000000d5580000,0x00000000d5580000,0x00000000deb00000)
  from space 89600K, 7% used [0x00000000deb00000,0x00000000df14c6d8,0x00000000e4280000)
  to   space 89088K, 0% used [0x00000000e6600000,0x00000000e6600000,0x00000000ebd00000)
 ParOldGen       total 269824K, used 215251K [0x0000000080000000, 0x0000000090780000, 0x00000000d5580000)
  object space 269824K, 79% used [0x0000000080000000,0x000000008d234e70,0x0000000090780000)
 Metaspace       used 87080K, capacity 89301K, committed 89560K, reserved 1128448K
  class space    used 10713K, capacity 11245K, committed 11264K, reserved 1048576K
}
Event: 421.370 GC heap before
{Heap before GC invocations=27 (full 6):
 PSYoungGen      total 242688K, used 6449K [0x00000000d5580000, 0x00000000ebd00000, 0x0000000100000000)
  eden space 153088K, 0% used [0x00000000d5580000,0x00000000d5580000,0x00000000deb00000)
  from space 89600K, 7% used [0x00000000deb00000,0x00000000df14c6d8,0x00000000e4280000)
  to   space 89088K, 0% used [0x00000000e6600000,0x00000000e6600000,0x00000000ebd00000)
 ParOldGen       total 269824K, used 215251K [0x0000000080000000, 0x0000000090780000, 0x00000000d5580000)
  object space 269824K, 79% used [0x0000000080000000,0x000000008d234e70,0x0000000090780000)
 Metaspace       used 87080K, capacity 89301K, committed 89560K, reserved 1128448K
  class space    used 10713K, capacity 11245K, committed 11264K, reserved 1048576K
Event: 421.603 GC heap after
Heap after GC invocations=27 (full 6):
 PSYoungGen      total 242688K, used 0K [0x00000000d5580000, 0x00000000ebd00000, 0x0000000100000000)
  eden space 153088K, 0% used [0x00000000d5580000,0x00000000d5580000,0x00000000deb00000)
  from space 89600K, 0% used [0x00000000deb00000,0x00000000deb00000,0x00000000e4280000)
  to   space 89088K, 0% used [0x00000000e6600000,0x00000000e6600000,0x00000000ebd00000)
 ParOldGen       total 168448K, used 31525K [0x0000000080000000, 0x000000008a480000, 0x00000000d5580000)
  object space 168448K, 18% used [0x0000000080000000,0x0000000081ec9570,0x000000008a480000)
 Metaspace       used 87080K, capacity 89301K, committed 89560K, reserved 1128448K
  class space    used 10713K, capacity 11245K, committed 11264K, reserved 1048576K
}
Event: 601.325 GC heap before
{Heap before GC invocations=28 (full 6):
 PSYoungGen      total 242688K, used 153088K [0x00000000d5580000, 0x00000000ebd00000, 0x0000000100000000)
  eden space 153088K, 100% used [0x00000000d5580000,0x00000000deb00000,0x00000000deb00000)
  from space 89600K, 0% used [0x00000000deb00000,0x00000000deb00000,0x00000000e4280000)
  to   space 89088K, 0% used [0x00000000e6600000,0x00000000e6600000,0x00000000ebd00000)
 ParOldGen       total 168448K, used 31525K [0x0000000080000000, 0x000000008a480000, 0x00000000d5580000)
  object space 168448K, 18% used [0x0000000080000000,0x0000000081ec9570,0x000000008a480000)
 Metaspace       used 88227K, capacity 90529K, committed 90712K, reserved 1128448K
  class space    used 10798K, capacity 11361K, committed 11392K, reserved 1048576K
Event: 601.365 GC heap after
Heap after GC invocations=28 (full 6):
 PSYoungGen      total 267776K, used 33921K [0x00000000d5580000, 0x00000000eb280000, 0x0000000100000000)
  eden space 189440K, 0% used [0x00000000d5580000,0x00000000d5580000,0x00000000e0e80000)
  from space 78336K, 43% used [0x00000000e6600000,0x00000000e8720618,0x00000000eb280000)
  to   space 83968K, 0% used [0x00000000e0e80000,0x00000000e0e80000,0x00000000e6080000)
 ParOldGen       total 168448K, used 31533K [0x0000000080000000, 0x000000008a480000, 0x00000000d5580000)
  object space 168448K, 18% used [0x0000000080000000,0x0000000081ecb570,0x000000008a480000)
 Metaspace       used 88227K, capacity 90529K, committed 90712K, reserved 1128448K
  class space    used 10798K, capacity 11361K, committed 11392K, reserved 1048576K
}
Event: 697.004 GC heap before
{Heap before GC invocations=29 (full 6):
 PSYoungGen      total 267776K, used 223361K [0x00000000d5580000, 0x00000000eb280000, 0x0000000100000000)
  eden space 189440K, 100% used [0x00000000d5580000,0x00000000e0e80000,0x00000000e0e80000)
  from space 78336K, 43% used [0x00000000e6600000,0x00000000e8720618,0x00000000eb280000)
  to   space 83968K, 0% used [0x00000000e0e80000,0x00000000e0e80000,0x00000000e6080000)
 ParOldGen       total 168448K, used 31533K [0x0000000080000000, 0x000000008a480000, 0x00000000d5580000)
  object space 168448K, 18% used [0x0000000080000000,0x0000000081ecb570,0x000000008a480000)
 Metaspace       used 91249K, capacity 93785K, committed 93912K, reserved 1132544K
  class space    used 11125K, capacity 11709K, committed 11776K, reserved 1048576K

