# JRE version: OpenJDK Runtime Environment (8.0_152-b01) (build 1.8.0_152-release-1248-b01)
# Java VM: OpenJDK 64-Bit Server VM (25.152-b01 mixed mode linux-amd64 compressed oops)
Heap:
 PSYoungGen      total 222208K, used 17905K [0x00000000d5580000, 0x00000000e4000000, 0x0000000100000000)
  eden space 204288K, 0% used [0x00000000d5580000,0x00000000d5580000,0x00000000e1d00000)
  from space 17920K, 99% used [0x00000000e1d00000,0x00000000e2e7c700,0x00000000e2e80000)
  to   space 16384K, 0% used [0x00000000e2e80000,0x00000000e2e80000,0x00000000e3e80000)
 ParOldGen       total 86016K, used 39251K [0x0000000080000000, 0x0000000085400000, 0x00000000d5580000)
  object space 86016K, 45% used [0x0000000080000000,0x0000000082654dd0,0x0000000085400000)
 Metaspace       used 63844K, capacity 65862K, committed 66072K, reserved 1105920K
  class space    used 8633K, capacity 9168K, committed 9264K, reserved 1048576K
GC Heap History (10 events):
Event: 11.190 GC heap after
Heap after GC invocations=11 (full 1):
 PSYoungGen      total 170496K, used 5849K [0x00000000d5580000, 0x00000000e1900000, 0x0000000100000000)
  eden space 157696K, 0% used [0x00000000d5580000,0x00000000d5580000,0x00000000def80000)
  from space 12800K, 45% used [0x00000000dfb80000,0x00000000e01366d8,0x00000000e0800000)
  to   space 12288K, 0% used [0x00000000def80000,0x00000000def80000,0x00000000dfb80000)
 ParOldGen       total 31744K, used 18547K [0x0000000080000000, 0x0000000081f00000, 0x00000000d5580000)
  object space 31744K, 58% used [0x0000000080000000,0x000000008121cc68,0x0000000081f00000)
 Metaspace       used 34581K, capacity 35368K, committed 35496K, reserved 1079296K
  class space    used 4826K, capacity 5116K, committed 5168K, reserved 1048576K
}
Event: 11.190 GC heap before
{Heap before GC invocations=12 (full 2):
 PSYoungGen      total 170496K, used 5849K [0x00000000d5580000, 0x00000000e1900000, 0x0000000100000000)
  eden space 157696K, 0% used [0x00000000d5580000,0x00000000d5580000,0x00000000def80000)
  from space 12800K, 45% used [0x00000000dfb80000,0x00000000e01366d8,0x00000000e0800000)
  to   space 12288K, 0% used [0x00000000def80000,0x00000000def80000,0x00000000dfb80000)
 ParOldGen       total 31744K, used 18547K [0x0000000080000000, 0x0000000081f00000, 0x00000000d5580000)
  object space 31744K, 58% used [0x0000000080000000,0x000000008121cc68,0x0000000081f00000)
 Metaspace       used 34581K, capacity 35368K, committed 35496K, reserved 1079296K
  class space    used 4826K, capacity 5116K, committed 5168K, reserved 1048576K
Event: 11.307 GC heap after
Heap after GC invocations=12 (full 2):
 PSYoungGen      total 170496K, used 0K [0x00000000d5580000, 0x00000000e1900000, 0x0000000100000000)
  eden space 157696K, 0% used [0x00000000d5580000,0x00000000d5580000,0x00000000def80000)
  from space 12800K, 0% used [0x00000000dfb80000,0x00000000dfb80000,0x00000000e0800000)
  to   space 12288K, 0% used [0x00000000def80000,0x00000000def80000,0x00000000dfb80000)
 ParOldGen       total 50176K, used 17077K [0x0000000080000000, 0x0000000083100000, 0x00000000d5580000)
  object space 50176K, 34% used [0x0000000080000000,0x00000000810ad770,0x0000000083100000)
 Metaspace       used 34581K, capacity 35368K, committed 35496K, reserved 1079296K
  class space    used 4826K, capacity 5116K, committed 5168K, reserved 1048576K
}
Event: 13.358 GC heap before
{Heap before GC invocations=13 (full 2):
 PSYoungGen      total 170496K, used 157696K [0x00000000d5580000, 0x00000000e1900000, 0x0000000100000000)
  eden space 157696K, 100% used [0x00000000d5580000,0x00000000def80000,0x00000000def80000)
  from space 12800K, 0% used [0x00000000dfb80000,0x00000000dfb80000,0x00000000e0800000)
  to   space 12288K, 0% used [0x00000000def80000,0x00000000def80000,0x00000000dfb80000)
 ParOldGen       total 50176K, used 17077K [0x0000000080000000, 0x0000000083100000, 0x00000000d5580000)
  object space 50176K, 34% used [0x0000000080000000,0x00000000810ad770,0x0000000083100000)
 Metaspace       used 48257K, capacity 49426K, committed 49712K, reserved 1091584K
  class space    used 6519K, capacity 6904K, committed 6960K, reserved 1048576K
Event: 13.385 GC heap after
Heap after GC invocations=13 (full 2):
 PSYoungGen      total 169984K, used 12265K [0x00000000d5580000, 0x00000000e3e80000, 0x0000000100000000)
  eden space 157696K, 0% used [0x00000000d5580000,0x00000000d5580000,0x00000000def80000)
  from space 12288K, 99% used [0x00000000def80000,0x00000000dfb7a6d8,0x00000000dfb80000)
  to   space 16384K, 0% used [0x00000000e2e80000,0x00000000e2e80000,0x00000000e3e80000)
 ParOldGen       total 50176K, used 24086K [0x0000000080000000, 0x0000000083100000, 0x00000000d5580000)
  object space 50176K, 48% used [0x0000000080000000,0x0000000081785b68,0x0000000083100000)
 Metaspace       used 48257K, capacity 49426K, committed 49712K, reserved 1091584K
  class space    used 6519K, capacity 6904K, committed 6960K, reserved 1048576K
}
Event: 15.178 GC heap before
{Heap before GC invocations=14 (full 2):
 PSYoungGen      total 169984K, used 133717K [0x00000000d5580000, 0x00000000e3e80000, 0x0000000100000000)
  eden space 157696K, 77% used [0x00000000d5580000,0x00000000dcc1aea8,0x00000000def80000)
  from space 12288K, 99% used [0x00000000def80000,0x00000000dfb7a6d8,0x00000000dfb80000)
  to   space 16384K, 0% used [0x00000000e2e80000,0x00000000e2e80000,0x00000000e3e80000)
 ParOldGen       total 50176K, used 24086K [0x0000000080000000, 0x0000000083100000, 0x00000000d5580000)
  object space 50176K, 48% used [0x0000000080000000,0x0000000081785b68,0x0000000083100000)
 Metaspace       used 57485K, capacity 59138K, committed 59160K, reserved 1099776K
  class space    used 7779K, capacity 8220K, committed 8240K, reserved 1048576K
Event: 15.210 GC heap after
Heap after GC invocations=14 (full 2):
 PSYoungGen      total 220672K, used 14110K [0x00000000d5580000, 0x00000000e4000000, 0x0000000100000000)
  eden space 204288K, 0% used [0x00000000d5580000,0x00000000d5580000,0x00000000e1d00000)
  from space 16384K, 86% used [0x00000000e2e80000,0x00000000e3c47930,0x00000000e3e80000)
  to   space 17920K, 0% used [0x00000000e1d00000,0x00000000e1d00000,0x00000000e2e80000)
 ParOldGen       total 50176K, used 33836K [0x0000000080000000, 0x0000000083100000, 0x00000000d5580000)
  object space 50176K, 67% used [0x0000000080000000,0x000000008210b280,0x0000000083100000)
 Metaspace       used 57485K, capacity 59138K, committed 59160K, reserved 1099776K
  class space    used 7779K, capacity 8220K, committed 8240K, reserved 1048576K
}
Event: 15.211 GC heap before
{Heap before GC invocations=15 (full 3):
 PSYoungGen      total 220672K, used 14110K [0x00000000d5580000, 0x00000000e4000000, 0x0000000100000000)
  eden space 204288K, 0% used [0x00000000d5580000,0x00000000d5580000,0x00000000e1d00000)
  from space 16384K, 86% used [0x00000000e2e80000,0x00000000e3c47930,0x00000000e3e80000)
  to   space 17920K, 0% used [0x00000000e1d00000,0x00000000e1d00000,0x00000000e2e80000)
 ParOldGen       total 50176K, used 33836K [0x0000000080000000, 0x0000000083100000, 0x00000000d5580000)
  object space 50176K, 67% used [0x0000000080000000,0x000000008210b280,0x0000000083100000)
 Metaspace       used 57485K, capacity 59138K, committed 59160K, reserved 1099776K
  class space    used 7779K, capacity 8220K, committed 8240K, reserved 1048576K
Event: 15.426 GC heap after
Heap after GC invocations=15 (full 3):
 PSYoungGen      total 220672K, used 0K [0x00000000d5580000, 0x00000000e4000000, 0x0000000100000000)
  eden space 204288K, 0% used [0x00000000d5580000,0x00000000d5580000,0x00000000e1d00000)
  from space 16384K, 0% used [0x00000000e2e80000,0x00000000e2e80000,0x00000000e3e80000)
  to   space 17920K, 0% used [0x00000000e1d00000,0x00000000e1d00000,0x00000000e2e80000)
 ParOldGen       total 86016K, used 38489K [0x0000000080000000, 0x0000000085400000, 0x00000000d5580000)
  object space 86016K, 44% used [0x0000000080000000,0x00000000825965f0,0x0000000085400000)
 Metaspace       used 57485K, capacity 59138K, committed 59160K, reserved 1099776K
  class space    used 7779K, capacity 8220K, committed 8240K, reserved 1048576K
}
Event: 18.863 GC heap before
{Heap before GC invocations=16 (full 3):
 PSYoungGen      total 220672K, used 204288K [0x00000000d5580000, 0x00000000e4000000, 0x0000000100000000)
  eden space 204288K, 100% used [0x00000000d5580000,0x00000000e1d00000,0x00000000e1d00000)
  from space 16384K, 0% used [0x00000000e2e80000,0x00000000e2e80000,0x00000000e3e80000)
  to   space 17920K, 0% used [0x00000000e1d00000,0x00000000e1d00000,0x00000000e2e80000)
 ParOldGen       total 86016K, used 38489K [0x0000000080000000, 0x0000000085400000, 0x00000000d5580000)
  object space 86016K, 44% used [0x0000000080000000,0x00000000825965f0,0x0000000085400000)
 Metaspace       used 63844K, capacity 65862K, committed 66072K, reserved 1105920K
  class space    used 8633K, capacity 9168K, committed 9264K, reserved 1048576K

