# JRE version: OpenJDK Runtime Environment (8.0_152-b01) (build 1.8.0_152-release-1248-b01)
# Java VM: OpenJDK 64-Bit Server VM (25.152-b01 mixed mode linux-amd64 compressed oops)
Heap:
 PSYoungGen      total 458240K, used 61715K [0x00000000d5580000, 0x00000000f9800000, 0x0000000100000000)
  eden space 324096K, 0% used [0x00000000d5580000,0x00000000d5580000,0x00000000e9200000)
  from space 134144K, 46% used [0x00000000e9200000,0x00000000ece44d08,0x00000000f1500000)
  to   space 121344K, 0% used [0x00000000f2180000,0x00000000f2180000,0x00000000f9800000)
 ParOldGen       total 301568K, used 144538K [0x0000000080000000, 0x0000000092680000, 0x00000000d5580000)
  object space 301568K, 47% used [0x0000000080000000,0x0000000088d26818,0x0000000092680000)
 Metaspace       used 115969K, capacity 120215K, committed 120488K, reserved 1153024K
  class space    used 15039K, capacity 16006K, committed 16040K, reserved 1048576K
GC Heap History (10 events):
Event: 76.587 GC heap after
Heap after GC invocations=30 (full 7):
 PSYoungGen      total 351744K, used 0K [0x00000000d5580000, 0x00000000f7200000, 0x0000000100000000)
  eden space 212992K, 0% used [0x00000000d5580000,0x00000000d5580000,0x00000000e2580000)
  from space 138752K, 0% used [0x00000000e2580000,0x00000000e2580000,0x00000000ead00000)
  to   space 142336K, 0% used [0x00000000ee700000,0x00000000ee700000,0x00000000f7200000)
 ParOldGen       total 287232K, used 148056K [0x0000000080000000, 0x0000000091880000, 0x00000000d5580000)
  object space 287232K, 51% used [0x0000000080000000,0x0000000089096390,0x0000000091880000)
 Metaspace       used 87846K, capacity 90886K, committed 90920K, reserved 1128448K
  class space    used 11403K, capacity 12065K, committed 12072K, reserved 1048576K
}
Event: 197.835 GC heap before
{Heap before GC invocations=31 (full 7):
 PSYoungGen      total 351744K, used 212992K [0x00000000d5580000, 0x00000000f7200000, 0x0000000100000000)
  eden space 212992K, 100% used [0x00000000d5580000,0x00000000e2580000,0x00000000e2580000)
  from space 138752K, 0% used [0x00000000e2580000,0x00000000e2580000,0x00000000ead00000)
  to   space 142336K, 0% used [0x00000000ee700000,0x00000000ee700000,0x00000000f7200000)
 ParOldGen       total 287232K, used 148056K [0x0000000080000000, 0x0000000091880000, 0x00000000d5580000)
  object space 287232K, 51% used [0x0000000080000000,0x0000000089096390,0x0000000091880000)
 Metaspace       used 87927K, capacity 91046K, committed 91304K, reserved 1128448K
  class space    used 11408K, capacity 12097K, committed 12200K, reserved 1048576K
Event: 198.135 GC heap after
Heap after GC invocations=31 (full 7):
 PSYoungGen      total 389632K, used 62616K [0x00000000d5580000, 0x00000000f6180000, 0x0000000100000000)
  eden space 264192K, 0% used [0x00000000d5580000,0x00000000d5580000,0x00000000e5780000)
  from space 125440K, 49% used [0x00000000ee700000,0x00000000f2426070,0x00000000f6180000)
  to   space 136192K, 0% used [0x00000000e5780000,0x00000000e5780000,0x00000000edc80000)
 ParOldGen       total 287232K, used 148064K [0x0000000080000000, 0x0000000091880000, 0x00000000d5580000)
  object space 287232K, 51% used [0x0000000080000000,0x0000000089098390,0x0000000091880000)
 Metaspace       used 87927K, capacity 91046K, committed 91304K, reserved 1128448K
  class space    used 11408K, capacity 12097K, committed 12200K, reserved 1048576K
}
Event: 200.224 GC heap before
{Heap before GC invocations=32 (full 7):
 PSYoungGen      total 389632K, used 326808K [0x00000000d5580000, 0x00000000f6180000, 0x0000000100000000)
  eden space 264192K, 100% used [0x00000000d5580000,0x00000000e5780000,0x00000000e5780000)
  from space 125440K, 49% used [0x00000000ee700000,0x00000000f2426070,0x00000000f6180000)
  to   space 136192K, 0% used [0x00000000e5780000,0x00000000e5780000,0x00000000edc80000)
 ParOldGen       total 287232K, used 148064K [0x0000000080000000, 0x0000000091880000, 0x00000000d5580000)
  object space 287232K, 51% used [0x0000000080000000,0x0000000089098390,0x0000000091880000)
 Metaspace       used 99199K, capacity 102742K, committed 102824K, reserved 1138688K
  class space    used 12890K, capacity 13671K, committed 13736K, reserved 1048576K
Event: 201.838 GC heap after
Heap after GC invocations=32 (full 7):
 PSYoungGen      total 400384K, used 64784K [0x00000000d5580000, 0x00000000fa200000, 0x0000000100000000)
  eden space 264192K, 0% used [0x00000000d5580000,0x00000000d5580000,0x00000000e5780000)
  from space 136192K, 47% used [0x00000000e5780000,0x00000000e96c43e0,0x00000000edc80000)
  to   space 131584K, 0% used [0x00000000f2180000,0x00000000f2180000,0x00000000fa200000)
 ParOldGen       total 287232K, used 210799K [0x0000000080000000, 0x0000000091880000, 0x00000000d5580000)
  object space 287232K, 73% used [0x0000000080000000,0x000000008cddbe00,0x0000000091880000)
 Metaspace       used 99199K, capacity 102742K, committed 102824K, reserved 1138688K
  class space    used 12890K, capacity 13671K, committed 13736K, reserved 1048576K
}
Event: 203.099 GC heap before
{Heap before GC invocations=33 (full 7):
 PSYoungGen      total 400384K, used 328976K [0x00000000d5580000, 0x00000000fa200000, 0x0000000100000000)
  eden space 264192K, 100% used [0x00000000d5580000,0x00000000e5780000,0x00000000e5780000)
  from space 136192K, 47% used [0x00000000e5780000,0x00000000e96c43e0,0x00000000edc80000)
  to   space 131584K, 0% used [0x00000000f2180000,0x00000000f2180000,0x00000000fa200000)
 ParOldGen       total 287232K, used 210799K [0x0000000080000000, 0x0000000091880000, 0x00000000d5580000)
  object space 287232K, 73% used [0x0000000080000000,0x000000008cddbe00,0x0000000091880000)
 Metaspace       used 103212K, capacity 107054K, committed 107304K, reserved 1142784K
  class space    used 13433K, capacity 14269K, committed 14376K, reserved 1048576K
Event: 203.854 GC heap after
Heap after GC invocations=33 (full 7):
 PSYoungGen      total 445440K, used 84731K [0x00000000d5580000, 0x00000000f9800000, 0x0000000100000000)
  eden space 324096K, 0% used [0x00000000d5580000,0x00000000d5580000,0x00000000e9200000)
  from space 121344K, 69% used [0x00000000f2180000,0x00000000f743ee08,0x00000000f9800000)
  to   space 134144K, 0% used [0x00000000e9200000,0x00000000e9200000,0x00000000f1500000)
 ParOldGen       total 287232K, used 248941K [0x0000000080000000, 0x0000000091880000, 0x00000000d5580000)
  object space 287232K, 86% used [0x0000000080000000,0x000000008f31b600,0x0000000091880000)
 Metaspace       used 103212K, capacity 107054K, committed 107304K, reserved 1142784K
  class space    used 13433K, capacity 14269K, committed 14376K, reserved 1048576K
}
Event: 203.854 GC heap before
{Heap before GC invocations=34 (full 8):
 PSYoungGen      total 445440K, used 84731K [0x00000000d5580000, 0x00000000f9800000, 0x0000000100000000)
  eden space 324096K, 0% used [0x00000000d5580000,0x00000000d5580000,0x00000000e9200000)
  from space 121344K, 69% used [0x00000000f2180000,0x00000000f743ee08,0x00000000f9800000)
  to   space 134144K, 0% used [0x00000000e9200000,0x00000000e9200000,0x00000000f1500000)
 ParOldGen       total 287232K, used 248941K [0x0000000080000000, 0x0000000091880000, 0x00000000d5580000)
  object space 287232K, 86% used [0x0000000080000000,0x000000008f31b600,0x0000000091880000)
 Metaspace       used 103212K, capacity 107054K, committed 107304K, reserved 1142784K
  class space    used 13433K, capacity 14269K, committed 14376K, reserved 1048576K
Event: 204.936 GC heap after
Heap after GC invocations=34 (full 8):
 PSYoungGen      total 445440K, used 0K [0x00000000d5580000, 0x00000000f9800000, 0x0000000100000000)
  eden space 324096K, 0% used [0x00000000d5580000,0x00000000d5580000,0x00000000e9200000)
  from space 121344K, 0% used [0x00000000f2180000,0x00000000f2180000,0x00000000f9800000)
  to   space 134144K, 0% used [0x00000000e9200000,0x00000000e9200000,0x00000000f1500000)
 ParOldGen       total 301568K, used 144530K [0x0000000080000000, 0x0000000092680000, 0x00000000d5580000)
  object space 301568K, 47% used [0x0000000080000000,0x0000000088d24818,0x0000000092680000)
 Metaspace       used 103212K, capacity 107054K, committed 107304K, reserved 1142784K
  class space    used 13433K, capacity 14269K, committed 14376K, reserved 1048576K
}
Event: 224.940 GC heap before
{Heap before GC invocations=35 (full 8):
 PSYoungGen      total 445440K, used 324096K [0x00000000d5580000, 0x00000000f9800000, 0x0000000100000000)
  eden space 324096K, 100% used [0x00000000d5580000,0x00000000e9200000,0x00000000e9200000)
  from space 121344K, 0% used [0x00000000f2180000,0x00000000f2180000,0x00000000f9800000)
  to   space 134144K, 0% used [0x00000000e9200000,0x00000000e9200000,0x00000000f1500000)
 ParOldGen       total 301568K, used 144530K [0x0000000080000000, 0x0000000092680000, 0x00000000d5580000)
  object space 301568K, 47% used [0x0000000080000000,0x0000000088d24818,0x0000000092680000)
 Metaspace       used 115969K, capacity 120215K, committed 120488K, reserved 1153024K
  class space    used 15039K, capacity 16006K, committed 16040K, reserved 1048576K

